###############################################################################
#                                                                             #
#     IAR Assembler V7.10.3.6832/W32 for ARM 17/Sep/2018  09:13:08            #
#     Copyright 1999-2014 IAR Systems AB.                                     #
#                                                                             #
#           Source file   =  C:\Users\390989\Desktop\侧出风多联机项目\code\src\Startup\startup_stm32f10x_hd.s#
#           List file     =  C:\Users\390989\Desktop\侧出风多联机项目\code\Debug\List\startup_stm32f10x_hd.lst#
#           Object file   =  C:\Users\390989\Desktop\侧出风多联机项目\code\Debug\Obj\startup_stm32f10x_hd.o#
#           Command line  =  C:\Users\390989\Desktop\侧出风多联机项目\code\src\Startup\startup_stm32f10x_hd.s #
#                            -OC:\Users\390989\Desktop\侧出风多联机项目\code\Debug\Obj\ #
#                            -s+ -M<> -w+ -r                                  #
#                            -LC:\Users\390989\Desktop\侧出风多联机项目\code\Debug\List\ #
#                            -t8 --cpu Cortex-M3 --fpu None                   #
#                                                                             #
###############################################################################

                                Reset_Handler
                                ------------^
                                "C:\Users\390989\Desktop\侧出风多联机项目\code
                       \src\Startup\startup_stm32f10x_hd.s",142  Warning[25]:
                        Label 'Reset_Handler' 
                                is defined pubweak in a section implicitly
                        declared root
                                NMI_Handler
                                ----------^
                                "C:\Users\390989\Desktop\侧出风多联机项目\code
                       \src\Startup\startup_stm32f10x_hd.s",150  Warning[25]:
                        Label 'NMI_Handler' is
                                 defined pubweak in a section implicitly
                        declared root
                                HardFault_Handler
                                ----------------^
                                "C:\Users\390989\Desktop\侧出风多联机项目\code
                       \src\Startup\startup_stm32f10x_hd.s",155  Warning[25]:
                        Label 'HardFault_Handler' 
                                is defined pubweak in a section implicitly
                        declared root
                                MemManage_Handler
                                ----------------^
                                "C:\Users\390989\Desktop\侧出风多联机项目\code
                       \src\Startup\startup_stm32f10x_hd.s",160  Warning[25]:
                        Label 'MemManage_Handler' 
                                is defined pubweak in a section implicitly
                        declared root
                                BusFault_Handler
                                ---------------^
                                "C:\Users\390989\Desktop\侧出风多联机项目\code
                       \src\Startup\startup_stm32f10x_hd.s",165  Warning[25]:
                        Label 'BusFault_Handler' 
                                is defined pubweak in a section implicitly
                        declared root
                                UsageFault_Handler
                                -----------------^
                                "C:\Users\390989\Desktop\侧出风多联机项目\code
                       \src\Startup\startup_stm32f10x_hd.s",170  Warning[25]:
                        Label 'UsageFault_Handler' 
                                is defined pubweak in a section implicitly
                        declared root
                                SVC_Handler
                                ----------^
                                "C:\Users\390989\Desktop\侧出风多联机项目\code
                       \src\Startup\startup_stm32f10x_hd.s",175  Warning[25]:
                        Label 'SVC_Handler' is
                                 defined pubweak in a section implicitly
                        declared root
                                DebugMon_Handler
                                ---------------^
                                "C:\Users\390989\Desktop\侧出风多联机项目\code
                       \src\Startup\startup_stm32f10x_hd.s",180  Warning[25]:
                        Label 'DebugMon_Handler' 
                                is defined pubweak in a section implicitly
                        declared root
                                PendSV_Handler
                                -------------^
                                "C:\Users\390989\Desktop\侧出风多联机项目\code
                       \src\Startup\startup_stm32f10x_hd.s",185  Warning[25]:
                        Label 'PendSV_Handler' 
                                is defined pubweak in a section implicitly
                        declared root
                                SysTick_Handler
                                --------------^
                                "C:\Users\390989\Desktop\侧出风多联机项目\code
                       \src\Startup\startup_stm32f10x_hd.s",190  Warning[25]:
                        Label 'SysTick_Handler' 
                                is defined pubweak in a section implicitly
                        declared root
                                WWDG_IRQHandler
                                --------------^
                                "C:\Users\390989\Desktop\侧出风多联机项目\code
                       \src\Startup\startup_stm32f10x_hd.s",195  Warning[25]:
                        Label 'WWDG_IRQHandler' 
                                is defined pubweak in a section implicitly
                        declared root
                                PVD_IRQHandler
                                -------------^
                                "C:\Users\390989\Desktop\侧出风多联机项目\code
                       \src\Startup\startup_stm32f10x_hd.s",200  Warning[25]:
                        Label 'PVD_IRQHandler' 
                                is defined pubweak in a section implicitly
                        declared root
                                TAMPER_IRQHandler
                                ----------------^
                                "C:\Users\390989\Desktop\侧出风多联机项目\code
                       \src\Startup\startup_stm32f10x_hd.s",205  Warning[25]:
                        Label 'TAMPER_IRQHandler' 
                                is defined pubweak in a section implicitly
                        declared root
                                RTC_IRQHandler
                                -------------^
                                "C:\Users\390989\Desktop\侧出风多联机项目\code
                       \src\Startup\startup_stm32f10x_hd.s",210  Warning[25]:
                        Label 'RTC_IRQHandler' 
                                is defined pubweak in a section implicitly
                        declared root
                                FLASH_IRQHandler
                                ---------------^
                                "C:\Users\390989\Desktop\侧出风多联机项目\code
                       \src\Startup\startup_stm32f10x_hd.s",215  Warning[25]:
                        Label 'FLASH_IRQHandler' 
                                is defined pubweak in a section implicitly
                        declared root
                                RCC_IRQHandler
                                -------------^
                                "C:\Users\390989\Desktop\侧出风多联机项目\code
                       \src\Startup\startup_stm32f10x_hd.s",220  Warning[25]:
                        Label 'RCC_IRQHandler' 
                                is defined pubweak in a section implicitly
                        declared root
                                EXTI0_IRQHandler
                                ---------------^
                                "C:\Users\390989\Desktop\侧出风多联机项目\code
                       \src\Startup\startup_stm32f10x_hd.s",225  Warning[25]:
                        Label 'EXTI0_IRQHandler' 
                                is defined pubweak in a section implicitly
                        declared root
                                EXTI1_IRQHandler
                                ---------------^
                                "C:\Users\390989\Desktop\侧出风多联机项目\code
                       \src\Startup\startup_stm32f10x_hd.s",230  Warning[25]:
                        Label 'EXTI1_IRQHandler' 
                                is defined pubweak in a section implicitly
                        declared root
                                EXTI2_IRQHandler
                                ---------------^
                                "C:\Users\390989\Desktop\侧出风多联机项目\code
                       \src\Startup\startup_stm32f10x_hd.s",235  Warning[25]:
                        Label 'EXTI2_IRQHandler' 
                                is defined pubweak in a section implicitly
                        declared root
                                EXTI3_IRQHandler
                                ---------------^
                                "C:\Users\390989\Desktop\侧出风多联机项目\code
                       \src\Startup\startup_stm32f10x_hd.s",240  Warning[25]:
                        Label 'EXTI3_IRQHandler' 
                                is defined pubweak in a section implicitly
                        declared root
                                EXTI4_IRQHandler
                                ---------------^
                                "C:\Users\390989\Desktop\侧出风多联机项目\code
                       \src\Startup\startup_stm32f10x_hd.s",245  Warning[25]:
                        Label 'EXTI4_IRQHandler' 
                                is defined pubweak in a section implicitly
                        declared root
                                DMA1_Channel1_IRQHandler
                                -----------------------^
                                "C:\Users\390989\Desktop\侧出风多联机项目\code
                       \src\Startup\startup_stm32f10x_hd.s",250  Warning[25]:
                        Label 'DMA1_Channel1_IRQHa
                                ndler' is defined pubweak in a section
                        implicitly declared root
                                DMA1_Channel2_IRQHandler
                                -----------------------^
                                "C:\Users\390989\Desktop\侧出风多联机项目\code
                       \src\Startup\startup_stm32f10x_hd.s",255  Warning[25]:
                        Label 'DMA1_Channel2_IRQHa
                                ndler' is defined pubweak in a section
                        implicitly declared root
                                DMA1_Channel3_IRQHandler
                                -----------------------^
                                "C:\Users\390989\Desktop\侧出风多联机项目\code
                       \src\Startup\startup_stm32f10x_hd.s",260  Warning[25]:
                        Label 'DMA1_Channel3_IRQHa
                                ndler' is defined pubweak in a section
                        implicitly declared root
                                DMA1_Channel4_IRQHandler
                                -----------------------^
                                "C:\Users\390989\Desktop\侧出风多联机项目\code
                       \src\Startup\startup_stm32f10x_hd.s",265  Warning[25]:
                        Label 'DMA1_Channel4_IRQHa
                                ndler' is defined pubweak in a section
                        implicitly declared root
                                DMA1_Channel5_IRQHandler
                                -----------------------^
                                "C:\Users\390989\Desktop\侧出风多联机项目\code
                       \src\Startup\startup_stm32f10x_hd.s",270  Warning[25]:
                        Label 'DMA1_Channel5_IRQHa
                                ndler' is defined pubweak in a section
                        implicitly declared root
                                DMA1_Channel6_IRQHandler
                                -----------------------^
                                "C:\Users\390989\Desktop\侧出风多联机项目\code
                       \src\Startup\startup_stm32f10x_hd.s",275  Warning[25]:
                        Label 'DMA1_Channel6_IRQHa
                                ndler' is defined pubweak in a section
                        implicitly declared root
                                DMA1_Channel7_IRQHandler
                                -----------------------^
                                "C:\Users\390989\Desktop\侧出风多联机项目\code
                       \src\Startup\startup_stm32f10x_hd.s",280  Warning[25]:
                        Label 'DMA1_Channel7_IRQHa
                                ndler' is defined pubweak in a section
                        implicitly declared root
                                ADC1_2_IRQHandler
                                ----------------^
                                "C:\Users\390989\Desktop\侧出风多联机项目\code
                       \src\Startup\startup_stm32f10x_hd.s",285  Warning[25]:
                        Label 'ADC1_2_IRQHandler' 
                                is defined pubweak in a section implicitly
                        declared root
                                USB_HP_CAN1_TX_IRQHandler
                                ------------------------^
                                "C:\Users\390989\Desktop\侧出风多联机项目\code
                       \src\Startup\startup_stm32f10x_hd.s",290  Warning[25]:
                        Label 'USB_HP_CAN1_TX_IRQH
                                andler' is defined pubweak in a section
                        implicitly declared root
                                USB_LP_CAN1_RX0_IRQHandler
                                -------------------------^
                                "C:\Users\390989\Desktop\侧出风多联机项目\code
                       \src\Startup\startup_stm32f10x_hd.s",295  Warning[25]:
                        Label 'USB_LP_CAN1_RX0_IRQ
                                Handler' is defined pubweak in a section
                        implicitly declared root
                                CAN1_RX1_IRQHandler
                                ------------------^
                                "C:\Users\390989\Desktop\侧出风多联机项目\code
                       \src\Startup\startup_stm32f10x_hd.s",300  Warning[25]:
                        Label 'CAN1_RX1_IRQHandler
                                ' is defined pubweak in a section implicitly
                        declared root
                                CAN1_SCE_IRQHandler
                                ------------------^
                                "C:\Users\390989\Desktop\侧出风多联机项目\code
                       \src\Startup\startup_stm32f10x_hd.s",305  Warning[25]:
                        Label 'CAN1_SCE_IRQHandler
                                ' is defined pubweak in a section implicitly
                        declared root
                                EXTI9_5_IRQHandler
                                -----------------^
                                "C:\Users\390989\Desktop\侧出风多联机项目\code
                       \src\Startup\startup_stm32f10x_hd.s",310  Warning[25]:
                        Label 'EXTI9_5_IRQHandler' 
                                is defined pubweak in a section implicitly
                        declared root
                                TIM1_BRK_IRQHandler
                                ------------------^
                                "C:\Users\390989\Desktop\侧出风多联机项目\code
                       \src\Startup\startup_stm32f10x_hd.s",315  Warning[25]:
                        Label 'TIM1_BRK_IRQHandler
                                ' is defined pubweak in a section implicitly
                        declared root
                                TIM1_UP_IRQHandler
                                -----------------^
                                "C:\Users\390989\Desktop\侧出风多联机项目\code
                       \src\Startup\startup_stm32f10x_hd.s",320  Warning[25]:
                        Label 'TIM1_UP_IRQHandler' 
                                is defined pubweak in a section implicitly
                        declared root
                                TIM1_TRG_COM_IRQHandler
                                ----------------------^
                                "C:\Users\390989\Desktop\侧出风多联机项目\code
                       \src\Startup\startup_stm32f10x_hd.s",325  Warning[25]:
                        Label 'TIM1_TRG_COM_IRQHan
                                dler' is defined pubweak in a section
                        implicitly declared root
                                TIM1_CC_IRQHandler
                                -----------------^
                                "C:\Users\390989\Desktop\侧出风多联机项目\code
                       \src\Startup\startup_stm32f10x_hd.s",330  Warning[25]:
                        Label 'TIM1_CC_IRQHandler' 
                                is defined pubweak in a section implicitly
                        declared root
                                TIM2_IRQHandler
                                --------------^
                                "C:\Users\390989\Desktop\侧出风多联机项目\code
                       \src\Startup\startup_stm32f10x_hd.s",335  Warning[25]:
                        Label 'TIM2_IRQHandler' 
                                is defined pubweak in a section implicitly
                        declared root
                                TIM3_IRQHandler
                                --------------^
                                "C:\Users\390989\Desktop\侧出风多联机项目\code
                       \src\Startup\startup_stm32f10x_hd.s",340  Warning[25]:
                        Label 'TIM3_IRQHandler' 
                                is defined pubweak in a section implicitly
                        declared root
                                TIM4_IRQHandler
                                --------------^
                                "C:\Users\390989\Desktop\侧出风多联机项目\code
                       \src\Startup\startup_stm32f10x_hd.s",345  Warning[25]:
                        Label 'TIM4_IRQHandler' 
                                is defined pubweak in a section implicitly
                        declared root
                                I2C1_EV_IRQHandler
                                -----------------^
                                "C:\Users\390989\Desktop\侧出风多联机项目\code
                       \src\Startup\startup_stm32f10x_hd.s",350  Warning[25]:
                        Label 'I2C1_EV_IRQHandler' 
                                is defined pubweak in a section implicitly
                        declared root
                                I2C1_ER_IRQHandler
                                -----------------^
                                "C:\Users\390989\Desktop\侧出风多联机项目\code
                       \src\Startup\startup_stm32f10x_hd.s",355  Warning[25]:
                        Label 'I2C1_ER_IRQHandler' 
                                is defined pubweak in a section implicitly
                        declared root
                                I2C2_EV_IRQHandler
                                -----------------^
                                "C:\Users\390989\Desktop\侧出风多联机项目\code
                       \src\Startup\startup_stm32f10x_hd.s",360  Warning[25]:
                        Label 'I2C2_EV_IRQHandler' 
                                is defined pubweak in a section implicitly
                        declared root
                                I2C2_ER_IRQHandler
                                -----------------^
                                "C:\Users\390989\Desktop\侧出风多联机项目\code
                       \src\Startup\startup_stm32f10x_hd.s",365  Warning[25]:
                        Label 'I2C2_ER_IRQHandler' 
                                is defined pubweak in a section implicitly
                        declared root
                                SPI1_IRQHandler
                                --------------^
                                "C:\Users\390989\Desktop\侧出风多联机项目\code
                       \src\Startup\startup_stm32f10x_hd.s",370  Warning[25]:
                        Label 'SPI1_IRQHandler' 
                                is defined pubweak in a section implicitly
                        declared root
                                SPI2_IRQHandler
                                --------------^
                                "C:\Users\390989\Desktop\侧出风多联机项目\code
                       \src\Startup\startup_stm32f10x_hd.s",375  Warning[25]:
                        Label 'SPI2_IRQHandler' 
                                is defined pubweak in a section implicitly
                        declared root
                                USART1_IRQHandler
                                ----------------^
                                "C:\Users\390989\Desktop\侧出风多联机项目\code
                       \src\Startup\startup_stm32f10x_hd.s",380  Warning[25]:
                        Label 'USART1_IRQHandler' 
                                is defined pubweak in a section implicitly
                        declared root
                                USART2_IRQHandler
                                ----------------^
                                "C:\Users\390989\Desktop\侧出风多联机项目\code
                       \src\Startup\startup_stm32f10x_hd.s",385  Warning[25]:
                        Label 'USART2_IRQHandler' 
                                is defined pubweak in a section implicitly
                        declared root
                                USART3_IRQHandler
                                ----------------^
                                "C:\Users\390989\Desktop\侧出风多联机项目\code
                       \src\Startup\startup_stm32f10x_hd.s",390  Warning[25]:
                        Label 'USART3_IRQHandler' 
                                is defined pubweak in a section implicitly
                        declared root
                                EXTI15_10_IRQHandler
                                -------------------^
                                "C:\Users\390989\Desktop\侧出风多联机项目\code
                       \src\Startup\startup_stm32f10x_hd.s",395  Warning[25]:
                        Label 'EXTI15_10_IRQHandle
                                r' is defined pubweak in a section implicitly
                        declared root
                                RTCAlarm_IRQHandler
                                ------------------^
                                "C:\Users\390989\Desktop\侧出风多联机项目\code
                       \src\Startup\startup_stm32f10x_hd.s",400  Warning[25]:
                        Label 'RTCAlarm_IRQHandler
                                ' is defined pubweak in a section implicitly
                        declared root
                                USBWakeUp_IRQHandler
                                -------------------^
                                "C:\Users\390989\Desktop\侧出风多联机项目\code
                       \src\Startup\startup_stm32f10x_hd.s",405  Warning[25]:
                        Label 'USBWakeUp_IRQHandle
                                r' is defined pubweak in a section implicitly
                        declared root
                                TIM8_BRK_IRQHandler
                                ------------------^
                                "C:\Users\390989\Desktop\侧出风多联机项目\code
                       \src\Startup\startup_stm32f10x_hd.s",410  Warning[25]:
                        Label 'TIM8_BRK_IRQHandler
                                ' is defined pubweak in a section implicitly
                        declared root
                                TIM8_UP_IRQHandler
                                -----------------^
                                "C:\Users\390989\Desktop\侧出风多联机项目\code
                       \src\Startup\startup_stm32f10x_hd.s",415  Warning[25]:
                        Label 'TIM8_UP_IRQHandler' 
                                is defined pubweak in a section implicitly
                        declared root
                                TIM8_TRG_COM_IRQHandler
                                ----------------------^
                                "C:\Users\390989\Desktop\侧出风多联机项目\code
                       \src\Startup\startup_stm32f10x_hd.s",420  Warning[25]:
                        Label 'TIM8_TRG_COM_IRQHan
                                dler' is defined pubweak in a section
                        implicitly declared root
                                TIM8_CC_IRQHandler
                                -----------------^
                                "C:\Users\390989\Desktop\侧出风多联机项目\code
                       \src\Startup\startup_stm32f10x_hd.s",425  Warning[25]:
                        Label 'TIM8_CC_IRQHandler' 
                                is defined pubweak in a section implicitly
                        declared root
                                ADC3_IRQHandler
                                --------------^
                                "C:\Users\390989\Desktop\侧出风多联机项目\code
                       \src\Startup\startup_stm32f10x_hd.s",430  Warning[25]:
                        Label 'ADC3_IRQHandler' 
                                is defined pubweak in a section implicitly
                        declared root
                                FSMC_IRQHandler
                                --------------^
                                "C:\Users\390989\Desktop\侧出风多联机项目\code
                       \src\Startup\startup_stm32f10x_hd.s",435  Warning[25]:
                        Label 'FSMC_IRQHandler' 
                                is defined pubweak in a section implicitly
                        declared root
                                SDIO_IRQHandler
                                --------------^
                                "C:\Users\390989\Desktop\侧出风多联机项目\code
                       \src\Startup\startup_stm32f10x_hd.s",440  Warning[25]:
                        Label 'SDIO_IRQHandler' 
                                is defined pubweak in a section implicitly
                        declared root
                                TIM5_IRQHandler
                                --------------^
                                "C:\Users\390989\Desktop\侧出风多联机项目\code
                       \src\Startup\startup_stm32f10x_hd.s",445  Warning[25]:
                        Label 'TIM5_IRQHandler' 
                                is defined pubweak in a section implicitly
                        declared root
                                SPI3_IRQHandler
                                --------------^
                                "C:\Users\390989\Desktop\侧出风多联机项目\code
                       \src\Startup\startup_stm32f10x_hd.s",450  Warning[25]:
                        Label 'SPI3_IRQHandler' 
                                is defined pubweak in a section implicitly
                        declared root
                                UART4_IRQHandler
                                ---------------^
                                "C:\Users\390989\Desktop\侧出风多联机项目\code
                       \src\Startup\startup_stm32f10x_hd.s",455  Warning[25]:
                        Label 'UART4_IRQHandler' 
                                is defined pubweak in a section implicitly
                        declared root
                                UART5_IRQHandler
                                ---------------^
                                "C:\Users\390989\Desktop\侧出风多联机项目\code
                       \src\Startup\startup_stm32f10x_hd.s",460  Warning[25]:
                        Label 'UART5_IRQHandler' 
                                is defined pubweak in a section implicitly
                        declared root
                                TIM6_IRQHandler
                                --------------^
                                "C:\Users\390989\Desktop\侧出风多联机项目\code
                       \src\Startup\startup_stm32f10x_hd.s",465  Warning[25]:
                        Label 'TIM6_IRQHandler' 
                                is defined pubweak in a section implicitly
                        declared root
                                TIM7_IRQHandler
                                --------------^
                                "C:\Users\390989\Desktop\侧出风多联机项目\code
                       \src\Startup\startup_stm32f10x_hd.s",470  Warning[25]:
                        Label 'TIM7_IRQHandler' 
                                is defined pubweak in a section implicitly
                        declared root
                                DMA2_Channel1_IRQHandler
                                -----------------------^
                                "C:\Users\390989\Desktop\侧出风多联机项目\code
                       \src\Startup\startup_stm32f10x_hd.s",475  Warning[25]:
                        Label 'DMA2_Channel1_IRQHa
                                ndler' is defined pubweak in a section
                        implicitly declared root
                                DMA2_Channel2_IRQHandler
                                -----------------------^
                                "C:\Users\390989\Desktop\侧出风多联机项目\code
                       \src\Startup\startup_stm32f10x_hd.s",480  Warning[25]:
                        Label 'DMA2_Channel2_IRQHa
                                ndler' is defined pubweak in a section
                        implicitly declared root
                                DMA2_Channel3_IRQHandler
                                -----------------------^
                                "C:\Users\390989\Desktop\侧出风多联机项目\code
                       \src\Startup\startup_stm32f10x_hd.s",485  Warning[25]:
                        Label 'DMA2_Channel3_IRQHa
                                ndler' is defined pubweak in a section
                        implicitly declared root
                                DMA2_Channel4_5_IRQHandler
                                -------------------------^
                                "C:\Users\390989\Desktop\侧出风多联机项目\code
                       \src\Startup\startup_stm32f10x_hd.s",490  Warning[25]:
                        Label 'DMA2_Channel4_5_IRQ
                                Handler' is defined pubweak in a section
                        implicitly declared root


    1                           ;******************** (C) COPYRIGHT 2011
                                 STMicroelectronics ********************
    2                           ;* File Name          : startup_stm32f10x_hd.s
    3                           ;* Author             : MCD Application
                                 Team
    4                           ;* version            : V3.5.0
    5                           ;* Date               : 11-March-2011
    6                           ;* Description        : STM32F10x High Density
                                 Devices vector table for EWARM 
    7                           ;*                      toolchain.
    8                           ;*                      This module performs:
    9                           ;*                      - Set the initial
                                 SP
   10                           ;*                      - Configure the clock
                                 system and the external SRAM 
   11                           ;*                        mounted on
                                 STM3210E-EVAL board to be used as data
                                 
   12                           ;*                        memory (optional, to
                                 be enabled by user)
   13                           ;*                      - Set the initial PC
                                 == __iar_program_start,
   14                           ;*                      - Set the vector table
                                 entries with the exceptions ISR address,
   15                           ;*                      After Reset the
                                 Cortex-M3 processor is in Thread mode,
   16                           ;*                      priority is Privileged
                                , and the Stack is set to Main.
   17                           ;*********************************************
                                ***********************************
   18                           ;* THE PRESENT FIRMWARE WHICH IS FOR GUIDANCE
                                 ONLY AIMS AT PROVIDING CUSTOMERS
   19                           ;* WITH CODING INFORMATION REGARDING THEIR
                                 PRODUCTS IN ORDER FOR THEM TO SAVE TIME.
   20                           ;* AS A RESULT, STMICROELECTRONICS SHALL NOT
                                 BE HELD LIABLE FOR ANY DIRECT,
   21                           ;* INDIRECT OR CONSEQUENTIAL DAMAGES WITH
                                 RESPECT TO ANY CLAIMS ARISING FROM THE
   22                           ;* CONTENT OF SUCH FIRMWARE AND/OR THE USE
                                 MADE BY CUSTOMERS OF THE CODING
   23                           ;* INFORMATION CONTAINED HEREIN IN CONNECTION
                                 WITH THEIR PRODUCTS.
   24                           ;*********************************************
                                **********************************
   25                           ;
   26                           ;
   27                           ; The modules in this file are included in the
                                 libraries, and may be replaced
   28                           ; by any user-defined modules that define the
                                 PUBLIC symbol _program_start or
   29                           ; a user defined start symbol.
   30                           ; To override the cstartup defined in the
                                 library, simply add your modified
   31                           ; version to the workbench project.
   32                           ;
   33                           ; The vector table is normally located at
                                 address 0.
   34                           ; When debugging in RAM, it can be located in
                                 RAM, aligned to at least 2^6.
   35                           ; The name "__vector_table" has special
                                 meaning for C-SPY:
   36                           ; it is where the SP start value is found, and
                                 the NVIC vector
   37                           ; table register (VTOR) is initialized to this
                                 address if != 0.
   38                           ;
   39                           ; Cortex-M version
   40                           ;     
   41                             
   42                               MODULE  ?cstartup
   43                                   
   44                                   ;; Forward declaration of sections.
   45                                   SECTION CSTACK:DATA:NOROOT(3)
   46                           
   47                                   SECTION .intvec:CODE:NOROOT(2)
   48                           
   49                                   EXTERN  __iar_program_start
   50                                   EXTERN  SystemInit        
   51                                   PUBLIC  __vector_table
   52                           
   53                                   DATA
   54                                  
   55                           __vector_table
   56    00000000 ........              DCD     sfe(CSTACK)
   57    00000004 ........              DCD     Reset_Handler             ;
  Reset Handler
   58    00000008 ........              DCD     NMI_Handler               ; NMI
  Handler
   59    0000000C ........              DCD     HardFault_Handler         ;
  Hard Fault Handler
   60    00000010 ........              DCD     MemManage_Handler         ; MPU
  Fault Handler
   61    00000014 ........              DCD     BusFault_Handler          ; Bus
  Fault Handler
   62    00000018 ........              DCD     UsageFault_Handler        ;
  Usage Fault Handler
   63    0000001C 00000000              DCD     0                         ;
  Reserved
   64    00000020 00000000              DCD     0                         ;
  Reserved
   65    00000024 00000000              DCD     0                         ;
  Reserved
   66    00000028 00000000              DCD     0                         ;
  Reserved
   67    0000002C ........              DCD     SVC_Handler               ;
  SVCall Handler
   68    00000030 ........              DCD     DebugMon_Handler          ;
  Debug Monitor Handler
   69    00000034 00000000              DCD     0                         ;
  Reserved
   70    00000038 ........              DCD     PendSV_Handler            ;
  PendSV Handler
   71    0000003C ........              DCD     SysTick_Handler           ;
  SysTick Handler
   72                           
   73                                    ; External Interrupts
   74    00000040 ........              DCD     WWDG_IRQHandler           ;
  Window Watchdog
   75    00000044 ........              DCD     PVD_IRQHandler            ; PVD
  through EXTI Line detect
   76    00000048 ........              DCD     TAMPER_IRQHandler         ;
  Tamper
   77    0000004C ........              DCD     RTC_IRQHandler            ;
  RTC
   78    00000050 ........              DCD     FLASH_IRQHandler          ;
  Flash
   79    00000054 ........              DCD     RCC_IRQHandler            ;
  RCC
   80    00000058 ........              DCD     EXTI0_IRQHandler          ;
  EXTI Line 0
   81    0000005C ........              DCD     EXTI1_IRQHandler          ;
  EXTI Line 1
   82    00000060 ........              DCD     EXTI2_IRQHandler          ;
  EXTI Line 2
   83    00000064 ........              DCD     EXTI3_IRQHandler          ;
  EXTI Line 3
   84    00000068 ........              DCD     EXTI4_IRQHandler          ;
  EXTI Line 4
   85    0000006C ........              DCD     DMA1_Channel1_IRQHandler  ;
  DMA1 Channel 1
   86    00000070 ........              DCD     DMA1_Channel2_IRQHandler  ;
  DMA1 Channel 2
   87    00000074 ........              DCD     DMA1_Channel3_IRQHandler  ;
  DMA1 Channel 3
   88    00000078 ........              DCD     DMA1_Channel4_IRQHandler  ;
  DMA1 Channel 4
   89    0000007C ........              DCD     DMA1_Channel5_IRQHandler  ;
  DMA1 Channel 5
   90    00000080 ........              DCD     DMA1_Channel6_IRQHandler  ;
  DMA1 Channel 6
   91    00000084 ........              DCD     DMA1_Channel7_IRQHandler  ;
  DMA1 Channel 7
   92    00000088 ........              DCD     ADC1_2_IRQHandler         ;
  ADC1 & ADC2
   93    0000008C ........              DCD     USB_HP_CAN1_TX_IRQHandler  ;
  USB High Priority or CAN1 TX
   94    00000090 ........              DCD     USB_LP_CAN1_RX0_IRQHandler ;
  USB Low  Priority or CAN1 RX0
   95    00000094 ........              DCD     CAN1_RX1_IRQHandler       ;
  CAN1 RX1
   96    00000098 ........              DCD     CAN1_SCE_IRQHandler       ;
  CAN1 SCE
   97    0000009C ........              DCD     EXTI9_5_IRQHandler        ;
  EXTI Line 9..5
   98    000000A0 ........              DCD     TIM1_BRK_IRQHandler       ;
  TIM1 Break
   99    000000A4 ........              DCD     TIM1_UP_IRQHandler        ;
  TIM1 Update
  100    000000A8 ........              DCD     TIM1_TRG_COM_IRQHandler   ;
  TIM1 Trigger and Commutation
  101    000000AC ........              DCD     TIM1_CC_IRQHandler        ;
  TIM1 Capture Compare
  102    000000B0 ........              DCD     TIM2_IRQHandler           ;
  TIM2
  103    000000B4 ........              DCD     TIM3_IRQHandler           ;
  TIM3
  104    000000B8 ........              DCD     TIM4_IRQHandler           ;
  TIM4
  105    000000BC ........              DCD     I2C1_EV_IRQHandler        ;
  I2C1 Event
  106    000000C0 ........              DCD     I2C1_ER_IRQHandler        ;
  I2C1 Error
  107    000000C4 ........              DCD     I2C2_EV_IRQHandler        ;
  I2C2 Event
  108    000000C8 ........              DCD     I2C2_ER_IRQHandler        ;
  I2C2 Error
  109    000000CC ........              DCD     SPI1_IRQHandler           ;
  SPI1
  110    000000D0 ........              DCD     SPI2_IRQHandler           ;
  SPI2
  111    000000D4 ........              DCD     USART1_IRQHandler         ;
  USART1
  112    000000D8 ........              DCD     USART2_IRQHandler         ;
  USART2
  113    000000DC ........              DCD     USART3_IRQHandler         ;
  USART3
  114    000000E0 ........              DCD     EXTI15_10_IRQHandler      ;
  EXTI Line 15..10
  115    000000E4 ........              DCD     RTCAlarm_IRQHandler       ; RTC
  Alarm through EXTI Line
  116    000000E8 ........              DCD     USBWakeUp_IRQHandler      ; USB
  Wakeup from suspend
  117    000000EC ........              DCD     TIM8_BRK_IRQHandler       ;
  TIM8 Break
  118    000000F0 ........              DCD     TIM8_UP_IRQHandler        ;
  TIM8 Update
  119    000000F4 ........              DCD     TIM8_TRG_COM_IRQHandler   ;
  TIM8 Trigger and Commutation
  120    000000F8 ........              DCD     TIM8_CC_IRQHandler        ;
  TIM8 Capture Compare
  121    000000FC ........              DCD     ADC3_IRQHandler           ;
  ADC3
  122    00000100 ........              DCD     FSMC_IRQHandler           ;
  FSMC
  123    00000104 ........              DCD     SDIO_IRQHandler           ;
  SDIO
  124    00000108 ........              DCD     TIM5_IRQHandler           ;
  TIM5
  125    0000010C ........              DCD     SPI3_IRQHandler           ;
  SPI3
  126    00000110 ........              DCD     UART4_IRQHandler          ;
  UART4
  127    00000114 ........              DCD     UART5_IRQHandler          ;
  UART5
  128    00000118 ........              DCD     TIM6_IRQHandler           ;
  TIM6
  129    0000011C ........              DCD     TIM7_IRQHandler           ;
  TIM7
  130    00000120 ........              DCD     DMA2_Channel1_IRQHandler  ;
  DMA2 Channel1
  131    00000124 ........              DCD     DMA2_Channel2_IRQHandler  ;
  DMA2 Channel2
  132    00000128 ........              DCD     DMA2_Channel3_IRQHandler  ;
  DMA2 Channel3
  133    0000012C ........              DCD     DMA2_Channel4_5_IRQHandler ;
  DMA2 Channel4 & Channel5
  134                           ;;;;;;;;;;;;;;;;;;;;;;;;;;;;;;;;;;;;;;;;;;;;;;
                                ;;;;;;
  135                           ;;
  136                           ;; Default interrupt handlers.
  137                           ;;
  138                                   THUMB
  139                           
  140                                   PUBWEAK Reset_Handler
  141                                   SECTION .text:CODE:REORDER(2)
  142                           Reset_Handler
                                Reset_Handler
                                ------------^
                                "C:\Users\390989\Desktop\侧出风多联机项目\code
                       \src\Startup\startup_stm32f10x_hd.s",142  Warning[25]:
                        Label 'Reset_Handler' 
                                is defined pubweak in a section implicitly
                        declared root
  143    00000000 0148                  LDR     R0, =SystemInit
  144    00000002 8047                  BLX     R0
  145    00000004 0148                  LDR     R0, =__iar_program_start
  146    00000006 0047                  BX      R0
  147                                          
  148                                   PUBWEAK NMI_Handler
  148.1                                  TABLE
  148.2  00000008 ........              Reference on line 143
  148.3  0000000C ........              Reference on line 145
  149                                   SECTION .text:CODE:REORDER(1)
  150                           NMI_Handler
                                NMI_Handler
                                ----------^
                                "C:\Users\390989\Desktop\侧出风多联机项目\code
                       \src\Startup\startup_stm32f10x_hd.s",150  Warning[25]:
                        Label 'NMI_Handler' is
                                 defined pubweak in a section implicitly
                        declared root
  151    00000000 ........              B NMI_Handler
  152                           
  153                                   PUBWEAK HardFault_Handler
  154                                   SECTION .text:CODE:REORDER(1)
  155                           HardFault_Handler
                                HardFault_Handler
                                ----------------^
                                "C:\Users\390989\Desktop\侧出风多联机项目\code
                       \src\Startup\startup_stm32f10x_hd.s",155  Warning[25]:
                        Label 'HardFault_Handler' 
                                is defined pubweak in a section implicitly
                        declared root
  156    00000000 ........              B HardFault_Handler
  157                           
  158                                   PUBWEAK MemManage_Handler
  159                                   SECTION .text:CODE:REORDER(1)
  160                           MemManage_Handler
                                MemManage_Handler
                                ----------------^
                                "C:\Users\390989\Desktop\侧出风多联机项目\code
                       \src\Startup\startup_stm32f10x_hd.s",160  Warning[25]:
                        Label 'MemManage_Handler' 
                                is defined pubweak in a section implicitly
                        declared root
  161    00000000 ........              B MemManage_Handler
  162                           
  163                                   PUBWEAK BusFault_Handler
  164                                   SECTION .text:CODE:REORDER(1)
  165                           BusFault_Handler
                                BusFault_Handler
                                ---------------^
                                "C:\Users\390989\Desktop\侧出风多联机项目\code
                       \src\Startup\startup_stm32f10x_hd.s",165  Warning[25]:
                        Label 'BusFault_Handler' 
                                is defined pubweak in a section implicitly
                        declared root
  166    00000000 ........              B BusFault_Handler
  167                           
  168                                   PUBWEAK UsageFault_Handler
  169                                   SECTION .text:CODE:REORDER(1)
  170                           UsageFault_Handler
                                UsageFault_Handler
                                -----------------^
                                "C:\Users\390989\Desktop\侧出风多联机项目\code
                       \src\Startup\startup_stm32f10x_hd.s",170  Warning[25]:
                        Label 'UsageFault_Handler' 
                                is defined pubweak in a section implicitly
                        declared root
  171    00000000 ........              B UsageFault_Handler
  172                           
  173                                   PUBWEAK SVC_Handler
  174                                   SECTION .text:CODE:REORDER(1)
  175                           SVC_Handler
                                SVC_Handler
                                ----------^
                                "C:\Users\390989\Desktop\侧出风多联机项目\code
                       \src\Startup\startup_stm32f10x_hd.s",175  Warning[25]:
                        Label 'SVC_Handler' is
                                 defined pubweak in a section implicitly
                        declared root
  176    00000000 ........              B SVC_Handler
  177                           
  178                                   PUBWEAK DebugMon_Handler
  179                                   SECTION .text:CODE:REORDER(1)
  180                           DebugMon_Handler
                                DebugMon_Handler
                                ---------------^
                                "C:\Users\390989\Desktop\侧出风多联机项目\code
                       \src\Startup\startup_stm32f10x_hd.s",180  Warning[25]:
                        Label 'DebugMon_Handler' 
                                is defined pubweak in a section implicitly
                        declared root
  181    00000000 ........              B DebugMon_Handler
  182                           
  183                                   PUBWEAK PendSV_Handler
  184                                   SECTION .text:CODE:REORDER(1)
  185                           PendSV_Handler
                                PendSV_Handler
                                -------------^
                                "C:\Users\390989\Desktop\侧出风多联机项目\code
                       \src\Startup\startup_stm32f10x_hd.s",185  Warning[25]:
                        Label 'PendSV_Handler' 
                                is defined pubweak in a section implicitly
                        declared root
  186    00000000 ........              B PendSV_Handler
  187                           
  188                                   PUBWEAK SysTick_Handler
  189                                   SECTION .text:CODE:REORDER(1)
  190                           SysTick_Handler
                                SysTick_Handler
                                --------------^
                                "C:\Users\390989\Desktop\侧出风多联机项目\code
                       \src\Startup\startup_stm32f10x_hd.s",190  Warning[25]:
                        Label 'SysTick_Handler' 
                                is defined pubweak in a section implicitly
                        declared root
  191    00000000 ........              B SysTick_Handler
  192                           
  193                                   PUBWEAK WWDG_IRQHandler
  194                                   SECTION .text:CODE:REORDER(1)
  195                           WWDG_IRQHandler
                                WWDG_IRQHandler
                                --------------^
                                "C:\Users\390989\Desktop\侧出风多联机项目\code
                       \src\Startup\startup_stm32f10x_hd.s",195  Warning[25]:
                        Label 'WWDG_IRQHandler' 
                                is defined pubweak in a section implicitly
                        declared root
  196    00000000 ........              B WWDG_IRQHandler
  197                           
  198                                   PUBWEAK PVD_IRQHandler
  199                                   SECTION .text:CODE:REORDER(1)
  200                           PVD_IRQHandler
                                PVD_IRQHandler
                                -------------^
                                "C:\Users\390989\Desktop\侧出风多联机项目\code
                       \src\Startup\startup_stm32f10x_hd.s",200  Warning[25]:
                        Label 'PVD_IRQHandler' 
                                is defined pubweak in a section implicitly
                        declared root
  201    00000000 ........              B PVD_IRQHandler
  202                           
  203                                   PUBWEAK TAMPER_IRQHandler
  204                                   SECTION .text:CODE:REORDER(1)
  205                           TAMPER_IRQHandler
                                TAMPER_IRQHandler
                                ----------------^
                                "C:\Users\390989\Desktop\侧出风多联机项目\code
                       \src\Startup\startup_stm32f10x_hd.s",205  Warning[25]:
                        Label 'TAMPER_IRQHandler' 
                                is defined pubweak in a section implicitly
                        declared root
  206    00000000 ........              B TAMPER_IRQHandler
  207                           
  208                                   PUBWEAK RTC_IRQHandler
  209                                   SECTION .text:CODE:REORDER(1)
  210                           RTC_IRQHandler
                                RTC_IRQHandler
                                -------------^
                                "C:\Users\390989\Desktop\侧出风多联机项目\code
                       \src\Startup\startup_stm32f10x_hd.s",210  Warning[25]:
                        Label 'RTC_IRQHandler' 
                                is defined pubweak in a section implicitly
                        declared root
  211    00000000 ........              B RTC_IRQHandler
  212                           
  213                                   PUBWEAK FLASH_IRQHandler
  214                                   SECTION .text:CODE:REORDER(1)
  215                           FLASH_IRQHandler
                                FLASH_IRQHandler
                                ---------------^
                                "C:\Users\390989\Desktop\侧出风多联机项目\code
                       \src\Startup\startup_stm32f10x_hd.s",215  Warning[25]:
                        Label 'FLASH_IRQHandler' 
                                is defined pubweak in a section implicitly
                        declared root
  216    00000000 ........              B FLASH_IRQHandler
  217                           
  218                                   PUBWEAK RCC_IRQHandler
  219                                   SECTION .text:CODE:REORDER(1)
  220                           RCC_IRQHandler
                                RCC_IRQHandler
                                -------------^
                                "C:\Users\390989\Desktop\侧出风多联机项目\code
                       \src\Startup\startup_stm32f10x_hd.s",220  Warning[25]:
                        Label 'RCC_IRQHandler' 
                                is defined pubweak in a section implicitly
                        declared root
  221    00000000 ........              B RCC_IRQHandler
  222                           
  223                                   PUBWEAK EXTI0_IRQHandler
  224                                   SECTION .text:CODE:REORDER(1)
  225                           EXTI0_IRQHandler
                                EXTI0_IRQHandler
                                ---------------^
                                "C:\Users\390989\Desktop\侧出风多联机项目\code
                       \src\Startup\startup_stm32f10x_hd.s",225  Warning[25]:
                        Label 'EXTI0_IRQHandler' 
                                is defined pubweak in a section implicitly
                        declared root
  226    00000000 ........              B EXTI0_IRQHandler
  227                           
  228                                   PUBWEAK EXTI1_IRQHandler
  229                                   SECTION .text:CODE:REORDER(1)
  230                           EXTI1_IRQHandler
                                EXTI1_IRQHandler
                                ---------------^
                                "C:\Users\390989\Desktop\侧出风多联机项目\code
                       \src\Startup\startup_stm32f10x_hd.s",230  Warning[25]:
                        Label 'EXTI1_IRQHandler' 
                                is defined pubweak in a section implicitly
                        declared root
  231    00000000 ........              B EXTI1_IRQHandler
  232                           
  233                                   PUBWEAK EXTI2_IRQHandler
  234                                   SECTION .text:CODE:REORDER(1)
  235                           EXTI2_IRQHandler
                                EXTI2_IRQHandler
                                ---------------^
                                "C:\Users\390989\Desktop\侧出风多联机项目\code
                       \src\Startup\startup_stm32f10x_hd.s",235  Warning[25]:
                        Label 'EXTI2_IRQHandler' 
                                is defined pubweak in a section implicitly
                        declared root
  236    00000000 ........              B EXTI2_IRQHandler
  237                           
  238                                   PUBWEAK EXTI3_IRQHandler
  239                                   SECTION .text:CODE:REORDER(1)
  240                           EXTI3_IRQHandler
                                EXTI3_IRQHandler
                                ---------------^
                                "C:\Users\390989\Desktop\侧出风多联机项目\code
                       \src\Startup\startup_stm32f10x_hd.s",240  Warning[25]:
                        Label 'EXTI3_IRQHandler' 
                                is defined pubweak in a section implicitly
                        declared root
  241    00000000 ........              B EXTI3_IRQHandler
  242                           
  243                                   PUBWEAK EXTI4_IRQHandler
  244                                   SECTION .text:CODE:REORDER(1)
  245                           EXTI4_IRQHandler
                                EXTI4_IRQHandler
                                ---------------^
                                "C:\Users\390989\Desktop\侧出风多联机项目\code
                       \src\Startup\startup_stm32f10x_hd.s",245  Warning[25]:
                        Label 'EXTI4_IRQHandler' 
                                is defined pubweak in a section implicitly
                        declared root
  246    00000000 ........              B EXTI4_IRQHandler
  247                           
  248                                   PUBWEAK DMA1_Channel1_IRQHandler
  249                                   SECTION .text:CODE:REORDER(1)
  250                           DMA1_Channel1_IRQHandler
                                DMA1_Channel1_IRQHandler
                                -----------------------^
                                "C:\Users\390989\Desktop\侧出风多联机项目\code
                       \src\Startup\startup_stm32f10x_hd.s",250  Warning[25]:
                        Label 'DMA1_Channel1_IRQHa
                                ndler' is defined pubweak in a section
                        implicitly declared root
  251    00000000 ........              B DMA1_Channel1_IRQHandler
  252                           
  253                                   PUBWEAK DMA1_Channel2_IRQHandler
  254                                   SECTION .text:CODE:REORDER(1)
  255                           DMA1_Channel2_IRQHandler
                                DMA1_Channel2_IRQHandler
                                -----------------------^
                                "C:\Users\390989\Desktop\侧出风多联机项目\code
                       \src\Startup\startup_stm32f10x_hd.s",255  Warning[25]:
                        Label 'DMA1_Channel2_IRQHa
                                ndler' is defined pubweak in a section
                        implicitly declared root
  256    00000000 ........              B DMA1_Channel2_IRQHandler
  257                           
  258                                   PUBWEAK DMA1_Channel3_IRQHandler
  259                                   SECTION .text:CODE:REORDER(1)
  260                           DMA1_Channel3_IRQHandler
                                DMA1_Channel3_IRQHandler
                                -----------------------^
                                "C:\Users\390989\Desktop\侧出风多联机项目\code
                       \src\Startup\startup_stm32f10x_hd.s",260  Warning[25]:
                        Label 'DMA1_Channel3_IRQHa
                                ndler' is defined pubweak in a section
                        implicitly declared root
  261    00000000 ........              B DMA1_Channel3_IRQHandler
  262                           
  263                                   PUBWEAK DMA1_Channel4_IRQHandler
  264                                   SECTION .text:CODE:REORDER(1)
  265                           DMA1_Channel4_IRQHandler
                                DMA1_Channel4_IRQHandler
                                -----------------------^
                                "C:\Users\390989\Desktop\侧出风多联机项目\code
                       \src\Startup\startup_stm32f10x_hd.s",265  Warning[25]:
                        Label 'DMA1_Channel4_IRQHa
                                ndler' is defined pubweak in a section
                        implicitly declared root
  266    00000000 ........              B DMA1_Channel4_IRQHandler
  267                           
  268                                   PUBWEAK DMA1_Channel5_IRQHandler
  269                                   SECTION .text:CODE:REORDER(1)
  270                           DMA1_Channel5_IRQHandler
                                DMA1_Channel5_IRQHandler
                                -----------------------^
                                "C:\Users\390989\Desktop\侧出风多联机项目\code
                       \src\Startup\startup_stm32f10x_hd.s",270  Warning[25]:
                        Label 'DMA1_Channel5_IRQHa
                                ndler' is defined pubweak in a section
                        implicitly declared root
  271    00000000 ........              B DMA1_Channel5_IRQHandler
  272                           
  273                                   PUBWEAK DMA1_Channel6_IRQHandler
  274                                   SECTION .text:CODE:REORDER(1)
  275                           DMA1_Channel6_IRQHandler
                                DMA1_Channel6_IRQHandler
                                -----------------------^
                                "C:\Users\390989\Desktop\侧出风多联机项目\code
                       \src\Startup\startup_stm32f10x_hd.s",275  Warning[25]:
                        Label 'DMA1_Channel6_IRQHa
                                ndler' is defined pubweak in a section
                        implicitly declared root
  276    00000000 ........              B DMA1_Channel6_IRQHandler
  277                           
  278                                   PUBWEAK DMA1_Channel7_IRQHandler
  279                                   SECTION .text:CODE:REORDER(1)
  280                           DMA1_Channel7_IRQHandler
                                DMA1_Channel7_IRQHandler
                                -----------------------^
                                "C:\Users\390989\Desktop\侧出风多联机项目\code
                       \src\Startup\startup_stm32f10x_hd.s",280  Warning[25]:
                        Label 'DMA1_Channel7_IRQHa
                                ndler' is defined pubweak in a section
                        implicitly declared root
  281    00000000 ........              B DMA1_Channel7_IRQHandler
  282                           
  283                                   PUBWEAK ADC1_2_IRQHandler
  284                                   SECTION .text:CODE:REORDER(1)
  285                           ADC1_2_IRQHandler
                                ADC1_2_IRQHandler
                                ----------------^
                                "C:\Users\390989\Desktop\侧出风多联机项目\code
                       \src\Startup\startup_stm32f10x_hd.s",285  Warning[25]:
                        Label 'ADC1_2_IRQHandler' 
                                is defined pubweak in a section implicitly
                        declared root
  286    00000000 ........              B ADC1_2_IRQHandler
  287                           
  288                                   PUBWEAK USB_HP_CAN1_TX_IRQHandler
  289                                   SECTION .text:CODE:REORDER(1)
  290                           USB_HP_CAN1_TX_IRQHandler
                                USB_HP_CAN1_TX_IRQHandler
                                ------------------------^
                                "C:\Users\390989\Desktop\侧出风多联机项目\code
                       \src\Startup\startup_stm32f10x_hd.s",290  Warning[25]:
                        Label 'USB_HP_CAN1_TX_IRQH
                                andler' is defined pubweak in a section
                        implicitly declared root
  291    00000000 ........              B USB_HP_CAN1_TX_IRQHandler
  292                           
  293                                   PUBWEAK USB_LP_CAN1_RX0_IRQHandler
  294                                   SECTION .text:CODE:REORDER(1)
  295                           USB_LP_CAN1_RX0_IRQHandler
                                USB_LP_CAN1_RX0_IRQHandler
                                -------------------------^
                                "C:\Users\390989\Desktop\侧出风多联机项目\code
                       \src\Startup\startup_stm32f10x_hd.s",295  Warning[25]:
                        Label 'USB_LP_CAN1_RX0_IRQ
                                Handler' is defined pubweak in a section
                        implicitly declared root
  296    00000000 ........              B USB_LP_CAN1_RX0_IRQHandler
  297                           
  298                                   PUBWEAK CAN1_RX1_IRQHandler
  299                                   SECTION .text:CODE:REORDER(1)
  300                           CAN1_RX1_IRQHandler
                                CAN1_RX1_IRQHandler
                                ------------------^
                                "C:\Users\390989\Desktop\侧出风多联机项目\code
                       \src\Startup\startup_stm32f10x_hd.s",300  Warning[25]:
                        Label 'CAN1_RX1_IRQHandler
                                ' is defined pubweak in a section implicitly
                        declared root
  301    00000000 ........              B CAN1_RX1_IRQHandler
  302                           
  303                                   PUBWEAK CAN1_SCE_IRQHandler
  304                                   SECTION .text:CODE:REORDER(1)
  305                           CAN1_SCE_IRQHandler
                                CAN1_SCE_IRQHandler
                                ------------------^
                                "C:\Users\390989\Desktop\侧出风多联机项目\code
                       \src\Startup\startup_stm32f10x_hd.s",305  Warning[25]:
                        Label 'CAN1_SCE_IRQHandler
                                ' is defined pubweak in a section implicitly
                        declared root
  306    00000000 ........              B CAN1_SCE_IRQHandler
  307                           
  308                                   PUBWEAK EXTI9_5_IRQHandler
  309                                   SECTION .text:CODE:REORDER(1)
  310                           EXTI9_5_IRQHandler
                                EXTI9_5_IRQHandler
                                -----------------^
                                "C:\Users\390989\Desktop\侧出风多联机项目\code
                       \src\Startup\startup_stm32f10x_hd.s",310  Warning[25]:
                        Label 'EXTI9_5_IRQHandler' 
                                is defined pubweak in a section implicitly
                        declared root
  311    00000000 ........              B EXTI9_5_IRQHandler
  312                           
  313                                   PUBWEAK TIM1_BRK_IRQHandler
  314                                   SECTION .text:CODE:REORDER(1)
  315                           TIM1_BRK_IRQHandler
                                TIM1_BRK_IRQHandler
                                ------------------^
                                "C:\Users\390989\Desktop\侧出风多联机项目\code
                       \src\Startup\startup_stm32f10x_hd.s",315  Warning[25]:
                        Label 'TIM1_BRK_IRQHandler
                                ' is defined pubweak in a section implicitly
                        declared root
  316    00000000 ........              B TIM1_BRK_IRQHandler
  317                           
  318                                   PUBWEAK TIM1_UP_IRQHandler
  319                                   SECTION .text:CODE:REORDER(1)
  320                           TIM1_UP_IRQHandler
                                TIM1_UP_IRQHandler
                                -----------------^
                                "C:\Users\390989\Desktop\侧出风多联机项目\code
                       \src\Startup\startup_stm32f10x_hd.s",320  Warning[25]:
                        Label 'TIM1_UP_IRQHandler' 
                                is defined pubweak in a section implicitly
                        declared root
  321    00000000 ........              B TIM1_UP_IRQHandler
  322                           
  323                                   PUBWEAK TIM1_TRG_COM_IRQHandler
  324                                   SECTION .text:CODE:REORDER(1)
  325                           TIM1_TRG_COM_IRQHandler
                                TIM1_TRG_COM_IRQHandler
                                ----------------------^
                                "C:\Users\390989\Desktop\侧出风多联机项目\code
                       \src\Startup\startup_stm32f10x_hd.s",325  Warning[25]:
                        Label 'TIM1_TRG_COM_IRQHan
                                dler' is defined pubweak in a section
                        implicitly declared root
  326    00000000 ........              B TIM1_TRG_COM_IRQHandler
  327                           
  328                                   PUBWEAK TIM1_CC_IRQHandler
  329                                   SECTION .text:CODE:REORDER(1)
  330                           TIM1_CC_IRQHandler
                                TIM1_CC_IRQHandler
                                -----------------^
                                "C:\Users\390989\Desktop\侧出风多联机项目\code
                       \src\Startup\startup_stm32f10x_hd.s",330  Warning[25]:
                        Label 'TIM1_CC_IRQHandler' 
                                is defined pubweak in a section implicitly
                        declared root
  331    00000000 ........              B TIM1_CC_IRQHandler
  332                           
  333                                   PUBWEAK TIM2_IRQHandler
  334                                   SECTION .text:CODE:REORDER(1)
  335                           TIM2_IRQHandler
                                TIM2_IRQHandler
                                --------------^
                                "C:\Users\390989\Desktop\侧出风多联机项目\code
                       \src\Startup\startup_stm32f10x_hd.s",335  Warning[25]:
                        Label 'TIM2_IRQHandler' 
                                is defined pubweak in a section implicitly
                        declared root
  336    00000000 ........              B TIM2_IRQHandler
  337                           
  338                                   PUBWEAK TIM3_IRQHandler
  339                                   SECTION .text:CODE:REORDER(1)
  340                           TIM3_IRQHandler
                                TIM3_IRQHandler
                                --------------^
                                "C:\Users\390989\Desktop\侧出风多联机项目\code
                       \src\Startup\startup_stm32f10x_hd.s",340  Warning[25]:
                        Label 'TIM3_IRQHandler' 
                                is defined pubweak in a section implicitly
                        declared root
  341    00000000 ........              B TIM3_IRQHandler
  342                           
  343                                   PUBWEAK TIM4_IRQHandler
  344                                   SECTION .text:CODE:REORDER(1)
  345                           TIM4_IRQHandler
                                TIM4_IRQHandler
                                --------------^
                                "C:\Users\390989\Desktop\侧出风多联机项目\code
                       \src\Startup\startup_stm32f10x_hd.s",345  Warning[25]:
                        Label 'TIM4_IRQHandler' 
                                is defined pubweak in a section implicitly
                        declared root
  346    00000000 ........              B TIM4_IRQHandler
  347                           
  348                                   PUBWEAK I2C1_EV_IRQHandler
  349                                   SECTION .text:CODE:REORDER(1)
  350                           I2C1_EV_IRQHandler
                                I2C1_EV_IRQHandler
                                -----------------^
                                "C:\Users\390989\Desktop\侧出风多联机项目\code
                       \src\Startup\startup_stm32f10x_hd.s",350  Warning[25]:
                        Label 'I2C1_EV_IRQHandler' 
                                is defined pubweak in a section implicitly
                        declared root
  351    00000000 ........              B I2C1_EV_IRQHandler
  352                           
  353                                   PUBWEAK I2C1_ER_IRQHandler
  354                                   SECTION .text:CODE:REORDER(1)
  355                           I2C1_ER_IRQHandler
                                I2C1_ER_IRQHandler
                                -----------------^
                                "C:\Users\390989\Desktop\侧出风多联机项目\code
                       \src\Startup\startup_stm32f10x_hd.s",355  Warning[25]:
                        Label 'I2C1_ER_IRQHandler' 
                                is defined pubweak in a section implicitly
                        declared root
  356    00000000 ........              B I2C1_ER_IRQHandler
  357                           
  358                                   PUBWEAK I2C2_EV_IRQHandler
  359                                   SECTION .text:CODE:REORDER(1)
  360                           I2C2_EV_IRQHandler
                                I2C2_EV_IRQHandler
                                -----------------^
                                "C:\Users\390989\Desktop\侧出风多联机项目\code
                       \src\Startup\startup_stm32f10x_hd.s",360  Warning[25]:
                        Label 'I2C2_EV_IRQHandler' 
                                is defined pubweak in a section implicitly
                        declared root
  361    00000000 ........              B I2C2_EV_IRQHandler
  362                           
  363                                   PUBWEAK I2C2_ER_IRQHandler
  364                                   SECTION .text:CODE:REORDER(1)
  365                           I2C2_ER_IRQHandler
                                I2C2_ER_IRQHandler
                                -----------------^
                                "C:\Users\390989\Desktop\侧出风多联机项目\code
                       \src\Startup\startup_stm32f10x_hd.s",365  Warning[25]:
                        Label 'I2C2_ER_IRQHandler' 
                                is defined pubweak in a section implicitly
                        declared root
  366    00000000 ........              B I2C2_ER_IRQHandler
  367                           
  368                                   PUBWEAK SPI1_IRQHandler
  369                                   SECTION .text:CODE:REORDER(1)
  370                           SPI1_IRQHandler
                                SPI1_IRQHandler
                                --------------^
                                "C:\Users\390989\Desktop\侧出风多联机项目\code
                       \src\Startup\startup_stm32f10x_hd.s",370  Warning[25]:
                        Label 'SPI1_IRQHandler' 
                                is defined pubweak in a section implicitly
                        declared root
  371    00000000 ........              B SPI1_IRQHandler
  372                           
  373                                   PUBWEAK SPI2_IRQHandler
  374                                   SECTION .text:CODE:REORDER(1)
  375                           SPI2_IRQHandler
                                SPI2_IRQHandler
                                --------------^
                                "C:\Users\390989\Desktop\侧出风多联机项目\code
                       \src\Startup\startup_stm32f10x_hd.s",375  Warning[25]:
                        Label 'SPI2_IRQHandler' 
                                is defined pubweak in a section implicitly
                        declared root
  376    00000000 ........              B SPI2_IRQHandler
  377                           
  378                                   PUBWEAK USART1_IRQHandler
  379                                   SECTION .text:CODE:REORDER(1)
  380                           USART1_IRQHandler
                                USART1_IRQHandler
                                ----------------^
                                "C:\Users\390989\Desktop\侧出风多联机项目\code
                       \src\Startup\startup_stm32f10x_hd.s",380  Warning[25]:
                        Label 'USART1_IRQHandler' 
                                is defined pubweak in a section implicitly
                        declared root
  381    00000000 ........              B USART1_IRQHandler
  382                           
  383                                   PUBWEAK USART2_IRQHandler
  384                                   SECTION .text:CODE:REORDER(1)
  385                           USART2_IRQHandler
                                USART2_IRQHandler
                                ----------------^
                                "C:\Users\390989\Desktop\侧出风多联机项目\code
                       \src\Startup\startup_stm32f10x_hd.s",385  Warning[25]:
                        Label 'USART2_IRQHandler' 
                                is defined pubweak in a section implicitly
                        declared root
  386    00000000 ........              B USART2_IRQHandler
  387                           
  388                                   PUBWEAK USART3_IRQHandler
  389                                   SECTION .text:CODE:REORDER(1)
  390                           USART3_IRQHandler
                                USART3_IRQHandler
                                ----------------^
                                "C:\Users\390989\Desktop\侧出风多联机项目\code
                       \src\Startup\startup_stm32f10x_hd.s",390  Warning[25]:
                        Label 'USART3_IRQHandler' 
                                is defined pubweak in a section implicitly
                        declared root
  391    00000000 ........              B USART3_IRQHandler
  392                           
  393                                   PUBWEAK EXTI15_10_IRQHandler
  394                                   SECTION .text:CODE:REORDER(1)
  395                           EXTI15_10_IRQHandler
                                EXTI15_10_IRQHandler
                                -------------------^
                                "C:\Users\390989\Desktop\侧出风多联机项目\code
                       \src\Startup\startup_stm32f10x_hd.s",395  Warning[25]:
                        Label 'EXTI15_10_IRQHandle
                                r' is defined pubweak in a section implicitly
                        declared root
  396    00000000 ........              B EXTI15_10_IRQHandler
  397                           
  398                                   PUBWEAK RTCAlarm_IRQHandler
  399                                   SECTION .text:CODE:REORDER(1)
  400                           RTCAlarm_IRQHandler
                                RTCAlarm_IRQHandler
                                ------------------^
                                "C:\Users\390989\Desktop\侧出风多联机项目\code
                       \src\Startup\startup_stm32f10x_hd.s",400  Warning[25]:
                        Label 'RTCAlarm_IRQHandler
                                ' is defined pubweak in a section implicitly
                        declared root
  401    00000000 ........              B RTCAlarm_IRQHandler
  402                           
  403                                   PUBWEAK USBWakeUp_IRQHandler
  404                                   SECTION .text:CODE:REORDER(1)
  405                           USBWakeUp_IRQHandler
                                USBWakeUp_IRQHandler
                                -------------------^
                                "C:\Users\390989\Desktop\侧出风多联机项目\code
                       \src\Startup\startup_stm32f10x_hd.s",405  Warning[25]:
                        Label 'USBWakeUp_IRQHandle
                                r' is defined pubweak in a section implicitly
                        declared root
  406    00000000 ........              B USBWakeUp_IRQHandler
  407                           
  408                                   PUBWEAK TIM8_BRK_IRQHandler
  409                                   SECTION .text:CODE:REORDER(1)
  410                           TIM8_BRK_IRQHandler
                                TIM8_BRK_IRQHandler
                                ------------------^
                                "C:\Users\390989\Desktop\侧出风多联机项目\code
                       \src\Startup\startup_stm32f10x_hd.s",410  Warning[25]:
                        Label 'TIM8_BRK_IRQHandler
                                ' is defined pubweak in a section implicitly
                        declared root
  411    00000000 ........              B TIM8_BRK_IRQHandler
  412                           
  413                                   PUBWEAK TIM8_UP_IRQHandler
  414                                   SECTION .text:CODE:REORDER(1)
  415                           TIM8_UP_IRQHandler
                                TIM8_UP_IRQHandler
                                -----------------^
                                "C:\Users\390989\Desktop\侧出风多联机项目\code
                       \src\Startup\startup_stm32f10x_hd.s",415  Warning[25]:
                        Label 'TIM8_UP_IRQHandler' 
                                is defined pubweak in a section implicitly
                        declared root
  416    00000000 ........              B TIM8_UP_IRQHandler
  417                           
  418                                   PUBWEAK TIM8_TRG_COM_IRQHandler
  419                                   SECTION .text:CODE:REORDER(1)
  420                           TIM8_TRG_COM_IRQHandler
                                TIM8_TRG_COM_IRQHandler
                                ----------------------^
                                "C:\Users\390989\Desktop\侧出风多联机项目\code
                       \src\Startup\startup_stm32f10x_hd.s",420  Warning[25]:
                        Label 'TIM8_TRG_COM_IRQHan
                                dler' is defined pubweak in a section
                        implicitly declared root
  421    00000000 ........              B TIM8_TRG_COM_IRQHandler
  422                           
  423                                   PUBWEAK TIM8_CC_IRQHandler
  424                                   SECTION .text:CODE:REORDER(1)
  425                           TIM8_CC_IRQHandler
                                TIM8_CC_IRQHandler
                                -----------------^
                                "C:\Users\390989\Desktop\侧出风多联机项目\code
                       \src\Startup\startup_stm32f10x_hd.s",425  Warning[25]:
                        Label 'TIM8_CC_IRQHandler' 
                                is defined pubweak in a section implicitly
                        declared root
  426    00000000 ........              B TIM8_CC_IRQHandler
  427                           
  428                                   PUBWEAK ADC3_IRQHandler
  429                                   SECTION .text:CODE:REORDER(1)
  430                           ADC3_IRQHandler
                                ADC3_IRQHandler
                                --------------^
                                "C:\Users\390989\Desktop\侧出风多联机项目\code
                       \src\Startup\startup_stm32f10x_hd.s",430  Warning[25]:
                        Label 'ADC3_IRQHandler' 
                                is defined pubweak in a section implicitly
                        declared root
  431    00000000 ........              B ADC3_IRQHandler
  432                           
  433                                   PUBWEAK FSMC_IRQHandler
  434                                   SECTION .text:CODE:REORDER(1)
  435                           FSMC_IRQHandler
                                FSMC_IRQHandler
                                --------------^
                                "C:\Users\390989\Desktop\侧出风多联机项目\code
                       \src\Startup\startup_stm32f10x_hd.s",435  Warning[25]:
                        Label 'FSMC_IRQHandler' 
                                is defined pubweak in a section implicitly
                        declared root
  436    00000000 ........              B FSMC_IRQHandler
  437                           
  438                                   PUBWEAK SDIO_IRQHandler
  439                                   SECTION .text:CODE:REORDER(1)
  440                           SDIO_IRQHandler
                                SDIO_IRQHandler
                                --------------^
                                "C:\Users\390989\Desktop\侧出风多联机项目\code
                       \src\Startup\startup_stm32f10x_hd.s",440  Warning[25]:
                        Label 'SDIO_IRQHandler' 
                                is defined pubweak in a section implicitly
                        declared root
  441    00000000 ........              B SDIO_IRQHandler
  442                           
  443                                   PUBWEAK TIM5_IRQHandler
  444                                   SECTION .text:CODE:REORDER(1)
  445                           TIM5_IRQHandler
                                TIM5_IRQHandler
                                --------------^
                                "C:\Users\390989\Desktop\侧出风多联机项目\code
                       \src\Startup\startup_stm32f10x_hd.s",445  Warning[25]:
                        Label 'TIM5_IRQHandler' 
                                is defined pubweak in a section implicitly
                        declared root
  446    00000000 ........              B TIM5_IRQHandler
  447                           
  448                                   PUBWEAK SPI3_IRQHandler
  449                                   SECTION .text:CODE:REORDER(1)
  450                           SPI3_IRQHandler
                                SPI3_IRQHandler
                                --------------^
                                "C:\Users\390989\Desktop\侧出风多联机项目\code
                       \src\Startup\startup_stm32f10x_hd.s",450  Warning[25]:
                        Label 'SPI3_IRQHandler' 
                                is defined pubweak in a section implicitly
                        declared root
  451    00000000 ........              B SPI3_IRQHandler
  452                           
  453                                   PUBWEAK UART4_IRQHandler
  454                                   SECTION .text:CODE:REORDER(1)
  455                           UART4_IRQHandler
                                UART4_IRQHandler
                                ---------------^
                                "C:\Users\390989\Desktop\侧出风多联机项目\code
                       \src\Startup\startup_stm32f10x_hd.s",455  Warning[25]:
                        Label 'UART4_IRQHandler' 
                                is defined pubweak in a section implicitly
                        declared root
  456    00000000 ........              B UART4_IRQHandler
  457                           
  458                                   PUBWEAK UART5_IRQHandler
  459                                   SECTION .text:CODE:REORDER(1)
  460                           UART5_IRQHandler
                                UART5_IRQHandler
                                ---------------^
                                "C:\Users\390989\Desktop\侧出风多联机项目\code
                       \src\Startup\startup_stm32f10x_hd.s",460  Warning[25]:
                        Label 'UART5_IRQHandler' 
                                is defined pubweak in a section implicitly
                        declared root
  461    00000000 ........              B UART5_IRQHandler
  462                           
  463                                   PUBWEAK TIM6_IRQHandler
  464                                   SECTION .text:CODE:REORDER(1)
  465                           TIM6_IRQHandler
                                TIM6_IRQHandler
                                --------------^
                                "C:\Users\390989\Desktop\侧出风多联机项目\code
                       \src\Startup\startup_stm32f10x_hd.s",465  Warning[25]:
                        Label 'TIM6_IRQHandler' 
                                is defined pubweak in a section implicitly
                        declared root
  466    00000000 ........              B TIM6_IRQHandler
  467                           
  468                                   PUBWEAK TIM7_IRQHandler
  469                                   SECTION .text:CODE:REORDER(1)
  470                           TIM7_IRQHandler
                                TIM7_IRQHandler
                                --------------^
                                "C:\Users\390989\Desktop\侧出风多联机项目\code
                       \src\Startup\startup_stm32f10x_hd.s",470  Warning[25]:
                        Label 'TIM7_IRQHandler' 
                                is defined pubweak in a section implicitly
                        declared root
  471    00000000 ........              B TIM7_IRQHandler
  472                           
  473                                   PUBWEAK DMA2_Channel1_IRQHandler
  474                                   SECTION .text:CODE:REORDER(1)
  475                           DMA2_Channel1_IRQHandler
                                DMA2_Channel1_IRQHandler
                                -----------------------^
                                "C:\Users\390989\Desktop\侧出风多联机项目\code
                       \src\Startup\startup_stm32f10x_hd.s",475  Warning[25]:
                        Label 'DMA2_Channel1_IRQHa
                                ndler' is defined pubweak in a section
                        implicitly declared root
  476    00000000 ........              B DMA2_Channel1_IRQHandler
  477                           
  478                                   PUBWEAK DMA2_Channel2_IRQHandler
  479                                   SECTION .text:CODE:REORDER(1)
  480                           DMA2_Channel2_IRQHandler
                                DMA2_Channel2_IRQHandler
                                -----------------------^
                                "C:\Users\390989\Desktop\侧出风多联机项目\code
                       \src\Startup\startup_stm32f10x_hd.s",480  Warning[25]:
                        Label 'DMA2_Channel2_IRQHa
                                ndler' is defined pubweak in a section
                        implicitly declared root
  481    00000000 ........              B DMA2_Channel2_IRQHandler
  482                           
  483                                   PUBWEAK DMA2_Channel3_IRQHandler
  484                                   SECTION .text:CODE:REORDER(1)
  485                           DMA2_Channel3_IRQHandler
                                DMA2_Channel3_IRQHandler
                                -----------------------^
                                "C:\Users\390989\Desktop\侧出风多联机项目\code
                       \src\Startup\startup_stm32f10x_hd.s",485  Warning[25]:
                        Label 'DMA2_Channel3_IRQHa
                                ndler' is defined pubweak in a section
                        implicitly declared root
  486    00000000 ........              B DMA2_Channel3_IRQHandler
  487                           
  488                                   PUBWEAK DMA2_Channel4_5_IRQHandler
  489                                   SECTION .text:CODE:REORDER(1)
  490                           DMA2_Channel4_5_IRQHandler
                                DMA2_Channel4_5_IRQHandler
                                -------------------------^
                                "C:\Users\390989\Desktop\侧出风多联机项目\code
                       \src\Startup\startup_stm32f10x_hd.s",490  Warning[25]:
                        Label 'DMA2_Channel4_5_IRQ
                                Handler' is defined pubweak in a section
                        implicitly declared root
  491    00000000 ........              B DMA2_Channel4_5_IRQHandler
  492                                   
  493                                   
  494                                   END
##############################
#           CRC:0            #
#        Errors:   0         #
#        Warnings: 70        #
#         Bytes: 596         #
##############################



