###############################################################################
#                                                                             #
#     IAR Assembler V7.10.3.6832/W32 for ARM 05/Dec/2015  09:33:30            #
#     Copyright 1999-2014 IAR Systems AB.                                     #
#                                                                             #
#           Source file   =  H:\项目开发\多联机GPRS数据压缩及统计开发\STM32F10x_uCOSii_2015_12_03\src\Startup\startup_stm32f10x_cl.s#
#           List file     =  H:\项目开发\多联机GPRS数据压缩及统计开发\STM32F10x_uCOSii_2015_12_03\Debug\List\startup_stm32f10x_cl.lst#
#           Object file   =  H:\项目开发\多联机GPRS数据压缩及统计开发\STM32F10x_uCOSii_2015_12_03\Debug\Obj\startup_stm32f10x_cl.o#
#           Command line  =  H:\项目开发\多联机GPRS数据压缩及统计开发\STM32F10x_uCOSii_2015_12_03\src\Startup\startup_stm32f10x_cl.s #
#                            -OH:\项目开发\多联机GPRS数据压缩及统计开发\STM32F10x_uCOSii_2015_12_03\Debug\Obj\ #
#                            -s+ -M<> -w+ -r                                  #
#                            -LH:\项目开发\多联机GPRS数据压缩及统计开发\STM32F10x_uCOSii_2015_12_03\Debug\List\ #
#                            -t8 --cpu Cortex-M3 --fpu None                   #
#                                                                             #
###############################################################################

                                Reset_Handler
                                ------------^
                                "H:\项目开发\多联机GPRS数据压缩及统计开发\STM3
                       2F10x_uCOSii_2015_12_03\src\Startup\startup_stm32f10x_cl
                       .s",149  Warning[25]: L
                                abel 'Reset_Handler' is defined pubweak in a
                        section implicitly declared root
                                NMI_Handler
                                ----------^
                                "H:\项目开发\多联机GPRS数据压缩及统计开发\STM3
                       2F10x_uCOSii_2015_12_03\src\Startup\startup_stm32f10x_cl
                       .s",157  Warning[25]: L
                                abel 'NMI_Handler' is defined pubweak in a
                        section implicitly declared root
                                HardFault_Handler
                                ----------------^
                                "H:\项目开发\多联机GPRS数据压缩及统计开发\STM3
                       2F10x_uCOSii_2015_12_03\src\Startup\startup_stm32f10x_cl
                       .s",162  Warning[25]: L
                                abel 'HardFault_Handler' is defined pubweak in
                        a section implicitly declared root
                                MemManage_Handler
                                ----------------^
                                "H:\项目开发\多联机GPRS数据压缩及统计开发\STM3
                       2F10x_uCOSii_2015_12_03\src\Startup\startup_stm32f10x_cl
                       .s",167  Warning[25]: L
                                abel 'MemManage_Handler' is defined pubweak in
                        a section implicitly declared root
                                BusFault_Handler
                                ---------------^
                                "H:\项目开发\多联机GPRS数据压缩及统计开发\STM3
                       2F10x_uCOSii_2015_12_03\src\Startup\startup_stm32f10x_cl
                       .s",172  Warning[25]: L
                                abel 'BusFault_Handler' is defined pubweak in
                        a section implicitly declared root
                                UsageFault_Handler
                                -----------------^
                                "H:\项目开发\多联机GPRS数据压缩及统计开发\STM3
                       2F10x_uCOSii_2015_12_03\src\Startup\startup_stm32f10x_cl
                       .s",177  Warning[25]: L
                                abel 'UsageFault_Handler' is defined pubweak
                        in a section implicitly declared root
                                SVC_Handler
                                ----------^
                                "H:\项目开发\多联机GPRS数据压缩及统计开发\STM3
                       2F10x_uCOSii_2015_12_03\src\Startup\startup_stm32f10x_cl
                       .s",182  Warning[25]: L
                                abel 'SVC_Handler' is defined pubweak in a
                        section implicitly declared root
                                DebugMon_Handler
                                ---------------^
                                "H:\项目开发\多联机GPRS数据压缩及统计开发\STM3
                       2F10x_uCOSii_2015_12_03\src\Startup\startup_stm32f10x_cl
                       .s",187  Warning[25]: L
                                abel 'DebugMon_Handler' is defined pubweak in
                        a section implicitly declared root
                                PendSV_Handler
                                -------------^
                                "H:\项目开发\多联机GPRS数据压缩及统计开发\STM3
                       2F10x_uCOSii_2015_12_03\src\Startup\startup_stm32f10x_cl
                       .s",192  Warning[25]: L
                                abel 'PendSV_Handler' is defined pubweak in a
                        section implicitly declared root
                                SysTick_Handler
                                --------------^
                                "H:\项目开发\多联机GPRS数据压缩及统计开发\STM3
                       2F10x_uCOSii_2015_12_03\src\Startup\startup_stm32f10x_cl
                       .s",197  Warning[25]: L
                                abel 'SysTick_Handler' is defined pubweak in a
                        section implicitly declared root
                                WWDG_IRQHandler
                                --------------^
                                "H:\项目开发\多联机GPRS数据压缩及统计开发\STM3
                       2F10x_uCOSii_2015_12_03\src\Startup\startup_stm32f10x_cl
                       .s",202  Warning[25]: L
                                abel 'WWDG_IRQHandler' is defined pubweak in a
                        section implicitly declared root
                                PVD_IRQHandler
                                -------------^
                                "H:\项目开发\多联机GPRS数据压缩及统计开发\STM3
                       2F10x_uCOSii_2015_12_03\src\Startup\startup_stm32f10x_cl
                       .s",207  Warning[25]: L
                                abel 'PVD_IRQHandler' is defined pubweak in a
                        section implicitly declared root
                                TAMPER_IRQHandler
                                ----------------^
                                "H:\项目开发\多联机GPRS数据压缩及统计开发\STM3
                       2F10x_uCOSii_2015_12_03\src\Startup\startup_stm32f10x_cl
                       .s",212  Warning[25]: L
                                abel 'TAMPER_IRQHandler' is defined pubweak in
                        a section implicitly declared root
                                RTC_IRQHandler
                                -------------^
                                "H:\项目开发\多联机GPRS数据压缩及统计开发\STM3
                       2F10x_uCOSii_2015_12_03\src\Startup\startup_stm32f10x_cl
                       .s",217  Warning[25]: L
                                abel 'RTC_IRQHandler' is defined pubweak in a
                        section implicitly declared root
                                FLASH_IRQHandler
                                ---------------^
                                "H:\项目开发\多联机GPRS数据压缩及统计开发\STM3
                       2F10x_uCOSii_2015_12_03\src\Startup\startup_stm32f10x_cl
                       .s",222  Warning[25]: L
                                abel 'FLASH_IRQHandler' is defined pubweak in
                        a section implicitly declared root
                                RCC_IRQHandler
                                -------------^
                                "H:\项目开发\多联机GPRS数据压缩及统计开发\STM3
                       2F10x_uCOSii_2015_12_03\src\Startup\startup_stm32f10x_cl
                       .s",227  Warning[25]: L
                                abel 'RCC_IRQHandler' is defined pubweak in a
                        section implicitly declared root
                                EXTI0_IRQHandler
                                ---------------^
                                "H:\项目开发\多联机GPRS数据压缩及统计开发\STM3
                       2F10x_uCOSii_2015_12_03\src\Startup\startup_stm32f10x_cl
                       .s",232  Warning[25]: L
                                abel 'EXTI0_IRQHandler' is defined pubweak in
                        a section implicitly declared root
                                EXTI1_IRQHandler
                                ---------------^
                                "H:\项目开发\多联机GPRS数据压缩及统计开发\STM3
                       2F10x_uCOSii_2015_12_03\src\Startup\startup_stm32f10x_cl
                       .s",237  Warning[25]: L
                                abel 'EXTI1_IRQHandler' is defined pubweak in
                        a section implicitly declared root
                                EXTI2_IRQHandler
                                ---------------^
                                "H:\项目开发\多联机GPRS数据压缩及统计开发\STM3
                       2F10x_uCOSii_2015_12_03\src\Startup\startup_stm32f10x_cl
                       .s",242  Warning[25]: L
                                abel 'EXTI2_IRQHandler' is defined pubweak in
                        a section implicitly declared root
                                EXTI3_IRQHandler
                                ---------------^
                                "H:\项目开发\多联机GPRS数据压缩及统计开发\STM3
                       2F10x_uCOSii_2015_12_03\src\Startup\startup_stm32f10x_cl
                       .s",247  Warning[25]: L
                                abel 'EXTI3_IRQHandler' is defined pubweak in
                        a section implicitly declared root
                                EXTI4_IRQHandler
                                ---------------^
                                "H:\项目开发\多联机GPRS数据压缩及统计开发\STM3
                       2F10x_uCOSii_2015_12_03\src\Startup\startup_stm32f10x_cl
                       .s",253  Warning[25]: L
                                abel 'EXTI4_IRQHandler' is defined pubweak in
                        a section implicitly declared root
                                DMA1_Channel1_IRQHandler
                                -----------------------^
                                "H:\项目开发\多联机GPRS数据压缩及统计开发\STM3
                       2F10x_uCOSii_2015_12_03\src\Startup\startup_stm32f10x_cl
                       .s",258  Warning[25]: L
                                abel 'DMA1_Channel1_IRQHandler' is defined
                        pubweak in a section implicitly declared root
                                DMA1_Channel2_IRQHandler
                                -----------------------^
                                "H:\项目开发\多联机GPRS数据压缩及统计开发\STM3
                       2F10x_uCOSii_2015_12_03\src\Startup\startup_stm32f10x_cl
                       .s",263  Warning[25]: L
                                abel 'DMA1_Channel2_IRQHandler' is defined
                        pubweak in a section implicitly declared root
                                DMA1_Channel3_IRQHandler
                                -----------------------^
                                "H:\项目开发\多联机GPRS数据压缩及统计开发\STM3
                       2F10x_uCOSii_2015_12_03\src\Startup\startup_stm32f10x_cl
                       .s",268  Warning[25]: L
                                abel 'DMA1_Channel3_IRQHandler' is defined
                        pubweak in a section implicitly declared root
                                DMA1_Channel4_IRQHandler
                                -----------------------^
                                "H:\项目开发\多联机GPRS数据压缩及统计开发\STM3
                       2F10x_uCOSii_2015_12_03\src\Startup\startup_stm32f10x_cl
                       .s",273  Warning[25]: L
                                abel 'DMA1_Channel4_IRQHandler' is defined
                        pubweak in a section implicitly declared root
                                DMA1_Channel5_IRQHandler
                                -----------------------^
                                "H:\项目开发\多联机GPRS数据压缩及统计开发\STM3
                       2F10x_uCOSii_2015_12_03\src\Startup\startup_stm32f10x_cl
                       .s",278  Warning[25]: L
                                abel 'DMA1_Channel5_IRQHandler' is defined
                        pubweak in a section implicitly declared root
                                DMA1_Channel6_IRQHandler
                                -----------------------^
                                "H:\项目开发\多联机GPRS数据压缩及统计开发\STM3
                       2F10x_uCOSii_2015_12_03\src\Startup\startup_stm32f10x_cl
                       .s",283  Warning[25]: L
                                abel 'DMA1_Channel6_IRQHandler' is defined
                        pubweak in a section implicitly declared root
                                DMA1_Channel7_IRQHandler
                                -----------------------^
                                "H:\项目开发\多联机GPRS数据压缩及统计开发\STM3
                       2F10x_uCOSii_2015_12_03\src\Startup\startup_stm32f10x_cl
                       .s",288  Warning[25]: L
                                abel 'DMA1_Channel7_IRQHandler' is defined
                        pubweak in a section implicitly declared root
                                ADC1_2_IRQHandler
                                ----------------^
                                "H:\项目开发\多联机GPRS数据压缩及统计开发\STM3
                       2F10x_uCOSii_2015_12_03\src\Startup\startup_stm32f10x_cl
                       .s",293  Warning[25]: L
                                abel 'ADC1_2_IRQHandler' is defined pubweak in
                        a section implicitly declared root
                                CAN1_TX_IRQHandler
                                -----------------^
                                "H:\项目开发\多联机GPRS数据压缩及统计开发\STM3
                       2F10x_uCOSii_2015_12_03\src\Startup\startup_stm32f10x_cl
                       .s",298  Warning[25]: L
                                abel 'CAN1_TX_IRQHandler' is defined pubweak
                        in a section implicitly declared root
                                CAN1_RX0_IRQHandler
                                ------------------^
                                "H:\项目开发\多联机GPRS数据压缩及统计开发\STM3
                       2F10x_uCOSii_2015_12_03\src\Startup\startup_stm32f10x_cl
                       .s",303  Warning[25]: L
                                abel 'CAN1_RX0_IRQHandler' is defined pubweak
                        in a section implicitly declared root
                                CAN1_RX1_IRQHandler
                                ------------------^
                                "H:\项目开发\多联机GPRS数据压缩及统计开发\STM3
                       2F10x_uCOSii_2015_12_03\src\Startup\startup_stm32f10x_cl
                       .s",308  Warning[25]: L
                                abel 'CAN1_RX1_IRQHandler' is defined pubweak
                        in a section implicitly declared root
                                CAN1_SCE_IRQHandler
                                ------------------^
                                "H:\项目开发\多联机GPRS数据压缩及统计开发\STM3
                       2F10x_uCOSii_2015_12_03\src\Startup\startup_stm32f10x_cl
                       .s",313  Warning[25]: L
                                abel 'CAN1_SCE_IRQHandler' is defined pubweak
                        in a section implicitly declared root
                                EXTI9_5_IRQHandler
                                -----------------^
                                "H:\项目开发\多联机GPRS数据压缩及统计开发\STM3
                       2F10x_uCOSii_2015_12_03\src\Startup\startup_stm32f10x_cl
                       .s",318  Warning[25]: L
                                abel 'EXTI9_5_IRQHandler' is defined pubweak
                        in a section implicitly declared root
                                TIM1_BRK_IRQHandler
                                ------------------^
                                "H:\项目开发\多联机GPRS数据压缩及统计开发\STM3
                       2F10x_uCOSii_2015_12_03\src\Startup\startup_stm32f10x_cl
                       .s",323  Warning[25]: L
                                abel 'TIM1_BRK_IRQHandler' is defined pubweak
                        in a section implicitly declared root
                                TIM1_UP_IRQHandler
                                -----------------^
                                "H:\项目开发\多联机GPRS数据压缩及统计开发\STM3
                       2F10x_uCOSii_2015_12_03\src\Startup\startup_stm32f10x_cl
                       .s",328  Warning[25]: L
                                abel 'TIM1_UP_IRQHandler' is defined pubweak
                        in a section implicitly declared root
                                TIM1_TRG_COM_IRQHandler
                                ----------------------^
                                "H:\项目开发\多联机GPRS数据压缩及统计开发\STM3
                       2F10x_uCOSii_2015_12_03\src\Startup\startup_stm32f10x_cl
                       .s",333  Warning[25]: L
                                abel 'TIM1_TRG_COM_IRQHandler' is defined
                        pubweak in a section implicitly declared root
                                TIM1_CC_IRQHandler
                                -----------------^
                                "H:\项目开发\多联机GPRS数据压缩及统计开发\STM3
                       2F10x_uCOSii_2015_12_03\src\Startup\startup_stm32f10x_cl
                       .s",338  Warning[25]: L
                                abel 'TIM1_CC_IRQHandler' is defined pubweak
                        in a section implicitly declared root
                                TIM2_IRQHandler
                                --------------^
                                "H:\项目开发\多联机GPRS数据压缩及统计开发\STM3
                       2F10x_uCOSii_2015_12_03\src\Startup\startup_stm32f10x_cl
                       .s",343  Warning[25]: L
                                abel 'TIM2_IRQHandler' is defined pubweak in a
                        section implicitly declared root
                                TIM3_IRQHandler
                                --------------^
                                "H:\项目开发\多联机GPRS数据压缩及统计开发\STM3
                       2F10x_uCOSii_2015_12_03\src\Startup\startup_stm32f10x_cl
                       .s",348  Warning[25]: L
                                abel 'TIM3_IRQHandler' is defined pubweak in a
                        section implicitly declared root
                                TIM4_IRQHandler
                                --------------^
                                "H:\项目开发\多联机GPRS数据压缩及统计开发\STM3
                       2F10x_uCOSii_2015_12_03\src\Startup\startup_stm32f10x_cl
                       .s",353  Warning[25]: L
                                abel 'TIM4_IRQHandler' is defined pubweak in a
                        section implicitly declared root
                                I2C1_EV_IRQHandler
                                -----------------^
                                "H:\项目开发\多联机GPRS数据压缩及统计开发\STM3
                       2F10x_uCOSii_2015_12_03\src\Startup\startup_stm32f10x_cl
                       .s",358  Warning[25]: L
                                abel 'I2C1_EV_IRQHandler' is defined pubweak
                        in a section implicitly declared root
                                I2C1_ER_IRQHandler
                                -----------------^
                                "H:\项目开发\多联机GPRS数据压缩及统计开发\STM3
                       2F10x_uCOSii_2015_12_03\src\Startup\startup_stm32f10x_cl
                       .s",363  Warning[25]: L
                                abel 'I2C1_ER_IRQHandler' is defined pubweak
                        in a section implicitly declared root
                                I2C2_EV_IRQHandler
                                -----------------^
                                "H:\项目开发\多联机GPRS数据压缩及统计开发\STM3
                       2F10x_uCOSii_2015_12_03\src\Startup\startup_stm32f10x_cl
                       .s",368  Warning[25]: L
                                abel 'I2C2_EV_IRQHandler' is defined pubweak
                        in a section implicitly declared root
                                I2C2_ER_IRQHandler
                                -----------------^
                                "H:\项目开发\多联机GPRS数据压缩及统计开发\STM3
                       2F10x_uCOSii_2015_12_03\src\Startup\startup_stm32f10x_cl
                       .s",373  Warning[25]: L
                                abel 'I2C2_ER_IRQHandler' is defined pubweak
                        in a section implicitly declared root
                                SPI1_IRQHandler
                                --------------^
                                "H:\项目开发\多联机GPRS数据压缩及统计开发\STM3
                       2F10x_uCOSii_2015_12_03\src\Startup\startup_stm32f10x_cl
                       .s",378  Warning[25]: L
                                abel 'SPI1_IRQHandler' is defined pubweak in a
                        section implicitly declared root
                                SPI2_IRQHandler
                                --------------^
                                "H:\项目开发\多联机GPRS数据压缩及统计开发\STM3
                       2F10x_uCOSii_2015_12_03\src\Startup\startup_stm32f10x_cl
                       .s",383  Warning[25]: L
                                abel 'SPI2_IRQHandler' is defined pubweak in a
                        section implicitly declared root
                                USART1_IRQHandler
                                ----------------^
                                "H:\项目开发\多联机GPRS数据压缩及统计开发\STM3
                       2F10x_uCOSii_2015_12_03\src\Startup\startup_stm32f10x_cl
                       .s",388  Warning[25]: L
                                abel 'USART1_IRQHandler' is defined pubweak in
                        a section implicitly declared root
                                USART2_IRQHandler
                                ----------------^
                                "H:\项目开发\多联机GPRS数据压缩及统计开发\STM3
                       2F10x_uCOSii_2015_12_03\src\Startup\startup_stm32f10x_cl
                       .s",393  Warning[25]: L
                                abel 'USART2_IRQHandler' is defined pubweak in
                        a section implicitly declared root
                                USART3_IRQHandler
                                ----------------^
                                "H:\项目开发\多联机GPRS数据压缩及统计开发\STM3
                       2F10x_uCOSii_2015_12_03\src\Startup\startup_stm32f10x_cl
                       .s",398  Warning[25]: L
                                abel 'USART3_IRQHandler' is defined pubweak in
                        a section implicitly declared root
                                EXTI15_10_IRQHandler
                                -------------------^
                                "H:\项目开发\多联机GPRS数据压缩及统计开发\STM3
                       2F10x_uCOSii_2015_12_03\src\Startup\startup_stm32f10x_cl
                       .s",403  Warning[25]: L
                                abel 'EXTI15_10_IRQHandler' is defined pubweak
                        in a section implicitly declared root
                                RTCAlarm_IRQHandler
                                ------------------^
                                "H:\项目开发\多联机GPRS数据压缩及统计开发\STM3
                       2F10x_uCOSii_2015_12_03\src\Startup\startup_stm32f10x_cl
                       .s",408  Warning[25]: L
                                abel 'RTCAlarm_IRQHandler' is defined pubweak
                        in a section implicitly declared root
                                OTG_FS_WKUP_IRQHandler
                                ---------------------^
                                "H:\项目开发\多联机GPRS数据压缩及统计开发\STM3
                       2F10x_uCOSii_2015_12_03\src\Startup\startup_stm32f10x_cl
                       .s",413  Warning[25]: L
                                abel 'OTG_FS_WKUP_IRQHandler' is defined
                        pubweak in a section implicitly declared root
                                TIM5_IRQHandler
                                --------------^
                                "H:\项目开发\多联机GPRS数据压缩及统计开发\STM3
                       2F10x_uCOSii_2015_12_03\src\Startup\startup_stm32f10x_cl
                       .s",418  Warning[25]: L
                                abel 'TIM5_IRQHandler' is defined pubweak in a
                        section implicitly declared root
                                SPI3_IRQHandler
                                --------------^
                                "H:\项目开发\多联机GPRS数据压缩及统计开发\STM3
                       2F10x_uCOSii_2015_12_03\src\Startup\startup_stm32f10x_cl
                       .s",423  Warning[25]: L
                                abel 'SPI3_IRQHandler' is defined pubweak in a
                        section implicitly declared root
                                UART4_IRQHandler
                                ---------------^
                                "H:\项目开发\多联机GPRS数据压缩及统计开发\STM3
                       2F10x_uCOSii_2015_12_03\src\Startup\startup_stm32f10x_cl
                       .s",428  Warning[25]: L
                                abel 'UART4_IRQHandler' is defined pubweak in
                        a section implicitly declared root
                                UART5_IRQHandler
                                ---------------^
                                "H:\项目开发\多联机GPRS数据压缩及统计开发\STM3
                       2F10x_uCOSii_2015_12_03\src\Startup\startup_stm32f10x_cl
                       .s",433  Warning[25]: L
                                abel 'UART5_IRQHandler' is defined pubweak in
                        a section implicitly declared root
                                TIM6_IRQHandler
                                --------------^
                                "H:\项目开发\多联机GPRS数据压缩及统计开发\STM3
                       2F10x_uCOSii_2015_12_03\src\Startup\startup_stm32f10x_cl
                       .s",438  Warning[25]: L
                                abel 'TIM6_IRQHandler' is defined pubweak in a
                        section implicitly declared root
                                TIM7_IRQHandler
                                --------------^
                                "H:\项目开发\多联机GPRS数据压缩及统计开发\STM3
                       2F10x_uCOSii_2015_12_03\src\Startup\startup_stm32f10x_cl
                       .s",443  Warning[25]: L
                                abel 'TIM7_IRQHandler' is defined pubweak in a
                        section implicitly declared root
                                DMA2_Channel1_IRQHandler
                                -----------------------^
                                "H:\项目开发\多联机GPRS数据压缩及统计开发\STM3
                       2F10x_uCOSii_2015_12_03\src\Startup\startup_stm32f10x_cl
                       .s",448  Warning[25]: L
                                abel 'DMA2_Channel1_IRQHandler' is defined
                        pubweak in a section implicitly declared root
                                DMA2_Channel2_IRQHandler
                                -----------------------^
                                "H:\项目开发\多联机GPRS数据压缩及统计开发\STM3
                       2F10x_uCOSii_2015_12_03\src\Startup\startup_stm32f10x_cl
                       .s",453  Warning[25]: L
                                abel 'DMA2_Channel2_IRQHandler' is defined
                        pubweak in a section implicitly declared root
                                DMA2_Channel3_IRQHandler
                                -----------------------^
                                "H:\项目开发\多联机GPRS数据压缩及统计开发\STM3
                       2F10x_uCOSii_2015_12_03\src\Startup\startup_stm32f10x_cl
                       .s",458  Warning[25]: L
                                abel 'DMA2_Channel3_IRQHandler' is defined
                        pubweak in a section implicitly declared root
                                DMA2_Channel4_IRQHandler
                                -----------------------^
                                "H:\项目开发\多联机GPRS数据压缩及统计开发\STM3
                       2F10x_uCOSii_2015_12_03\src\Startup\startup_stm32f10x_cl
                       .s",463  Warning[25]: L
                                abel 'DMA2_Channel4_IRQHandler' is defined
                        pubweak in a section implicitly declared root
                                DMA2_Channel5_IRQHandler
                                -----------------------^
                                "H:\项目开发\多联机GPRS数据压缩及统计开发\STM3
                       2F10x_uCOSii_2015_12_03\src\Startup\startup_stm32f10x_cl
                       .s",468  Warning[25]: L
                                abel 'DMA2_Channel5_IRQHandler' is defined
                        pubweak in a section implicitly declared root
                                ETH_IRQHandler
                                -------------^
                                "H:\项目开发\多联机GPRS数据压缩及统计开发\STM3
                       2F10x_uCOSii_2015_12_03\src\Startup\startup_stm32f10x_cl
                       .s",473  Warning[25]: L
                                abel 'ETH_IRQHandler' is defined pubweak in a
                        section implicitly declared root
                                ETH_WKUP_IRQHandler
                                ------------------^
                                "H:\项目开发\多联机GPRS数据压缩及统计开发\STM3
                       2F10x_uCOSii_2015_12_03\src\Startup\startup_stm32f10x_cl
                       .s",478  Warning[25]: L
                                abel 'ETH_WKUP_IRQHandler' is defined pubweak
                        in a section implicitly declared root
                                CAN2_TX_IRQHandler
                                -----------------^
                                "H:\项目开发\多联机GPRS数据压缩及统计开发\STM3
                       2F10x_uCOSii_2015_12_03\src\Startup\startup_stm32f10x_cl
                       .s",483  Warning[25]: L
                                abel 'CAN2_TX_IRQHandler' is defined pubweak
                        in a section implicitly declared root
                                CAN2_RX0_IRQHandler
                                ------------------^
                                "H:\项目开发\多联机GPRS数据压缩及统计开发\STM3
                       2F10x_uCOSii_2015_12_03\src\Startup\startup_stm32f10x_cl
                       .s",488  Warning[25]: L
                                abel 'CAN2_RX0_IRQHandler' is defined pubweak
                        in a section implicitly declared root
                                CAN2_RX1_IRQHandler
                                ------------------^
                                "H:\项目开发\多联机GPRS数据压缩及统计开发\STM3
                       2F10x_uCOSii_2015_12_03\src\Startup\startup_stm32f10x_cl
                       .s",493  Warning[25]: L
                                abel 'CAN2_RX1_IRQHandler' is defined pubweak
                        in a section implicitly declared root
                                CAN2_SCE_IRQHandler
                                ------------------^
                                "H:\项目开发\多联机GPRS数据压缩及统计开发\STM3
                       2F10x_uCOSii_2015_12_03\src\Startup\startup_stm32f10x_cl
                       .s",498  Warning[25]: L
                                abel 'CAN2_SCE_IRQHandler' is defined pubweak
                        in a section implicitly declared root
                                OTG_FS_IRQHandler
                                ----------------^
                                "H:\项目开发\多联机GPRS数据压缩及统计开发\STM3
                       2F10x_uCOSii_2015_12_03\src\Startup\startup_stm32f10x_cl
                       .s",503  Warning[25]: L
                                abel 'OTG_FS_IRQHandler' is defined pubweak in
                        a section implicitly declared root


    1                           ;******************** (C) COPYRIGHT 2011
                                 STMicroelectronics *******************
    2                           ;* File Name          : startup_stm32f10x_cl.s
    3                           ;* Author             : MCD Application
                                 Team
    4                           ;* Version            : V3.5.0
    5                           ;* Date               : 11-March-2011
    6                           ;* Description        : STM32F10x Connectivity
                                 line devices vector table for 
    7                           ;*                      EWARM toolchain.
    8                           ;*                      This module performs:
    9                           ;*                      - Set the initial
                                 SP
   10                           ;*                      - Configure the clock
                                 system
   11                           ;*                      - Set the initial PC
                                 == __iar_program_start,
   12                           ;*                      - Set the vector table
                                 entries with the exceptions ISR 
   13                           ;*                        address.
   14                           ;*                      After Reset the
                                 Cortex-M3 processor is in Thread mode,
   15                           ;*                      priority is Privileged
                                , and the Stack is set to Main.
   16                           ;*********************************************
                                ***********************************
   17                           ;* THE PRESENT FIRMWARE WHICH IS FOR GUIDANCE
                                 ONLY AIMS AT PROVIDING CUSTOMERS
   18                           ;* WITH CODING INFORMATION REGARDING THEIR
                                 PRODUCTS IN ORDER FOR THEM TO SAVE TIME.
   19                           ;* AS A RESULT, STMICROELECTRONICS SHALL NOT
                                 BE HELD LIABLE FOR ANY DIRECT,
   20                           ;* INDIRECT OR CONSEQUENTIAL DAMAGES WITH
                                 RESPECT TO ANY CLAIMS ARISING FROM THE
   21                           ;* CONTENT OF SUCH FIRMWARE AND/OR THE USE
                                 MADE BY CUSTOMERS OF THE CODING
   22                           ;* INFORMATION CONTAINED HEREIN IN CONNECTION
                                 WITH THEIR PRODUCTS.
   23                           ;*********************************************
                                **********************************
   24                           ;
   25                           ;
   26                           ; The modules in this file are included in the
                                 libraries, and may be replaced
   27                           ; by any user-defined modules that define the
                                 PUBLIC symbol _program_start or
   28                           ; a user defined start symbol.
   29                           ; To override the cstartup defined in the
                                 library, simply add your modified
   30                           ; version to the workbench project.
   31                           ;
   32                           ; The vector table is normally located at
                                 address 0.
   33                           ; When debugging in RAM, it can be located in
                                 RAM, aligned to at least 2^6.
   34                           ; The name "__vector_table" has special
                                 meaning for C-SPY:
   35                           ; it is where the SP start value is found, and
                                 the NVIC vector
   36                           ; table register (VTOR) is initialized to this
                                 address if != 0.
   37                           ;
   38                           ; Cortex-M version
   39                           ;
   40                           
   41                                   MODULE  ?cstartup
   42                           
   43                                   ;; Forward declaration of sections.
   44                                   SECTION CSTACK:DATA:NOROOT(3)
   45                           
   46                                   SECTION .intvec:CODE:NOROOT(2)
   47                           
   48                                   EXTERN  __iar_program_start
   49                                   EXTERN  SystemInit        
   50                                   PUBLIC  __vector_table
   51                           
   52                                   DATA
   53                           __vector_table
   54    00000000 ........              DCD     sfe(CSTACK)
   55    00000004 ........              DCD     Reset_Handler             ;
  Reset Handler
   56    00000008 ........              DCD     NMI_Handler               ; NMI
  Handler
   57    0000000C ........              DCD     HardFault_Handler         ;
  Hard Fault Handler
   58    00000010 ........              DCD     MemManage_Handler         ; MPU
  Fault Handler
   59    00000014 ........              DCD     BusFault_Handler          ; Bus
  Fault Handler
   60    00000018 ........              DCD     UsageFault_Handler        ;
  Usage Fault Handler
   61    0000001C 00000000              DCD     0                         ;
  Reserved
   62    00000020 00000000              DCD     0                         ;
  Reserved
   63    00000024 00000000              DCD     0                         ;
  Reserved
   64    00000028 00000000              DCD     0                         ;
  Reserved
   65    0000002C ........              DCD     SVC_Handler               ;
  SVCall Handler
   66    00000030 ........              DCD     DebugMon_Handler          ;
  Debug Monitor Handler
   67    00000034 00000000              DCD     0                         ;
  Reserved
   68    00000038 ........              DCD     PendSV_Handler            ;
  PendSV Handler
   69    0000003C ........              DCD     SysTick_Handler           ;
  SysTick Handler
   70                           
   71                                    ; External Interrupts
   72    00000040 ........              DCD     WWDG_IRQHandler            ;
  Window Watchdog
   73    00000044 ........              DCD     PVD_IRQHandler             ;
  PVD through EXTI Line detect
   74    00000048 ........              DCD     TAMPER_IRQHandler          ;
  Tamper
   75    0000004C ........              DCD     RTC_IRQHandler             ;
  RTC
   76    00000050 ........              DCD     FLASH_IRQHandler           ;
  Flash
   77    00000054 ........              DCD     RCC_IRQHandler             ;
  RCC
   78    00000058 ........              DCD     EXTI0_IRQHandler           ;
  EXTI Line 0
   79    0000005C ........              DCD     EXTI1_IRQHandler           ;
  EXTI Line 1
   80    00000060 ........              DCD     EXTI2_IRQHandler           ;
  EXTI Line 2
   81    00000064 ........              DCD     EXTI3_IRQHandler           ;
  EXTI Line 3
   82    00000068 ........              DCD     EXTI4_IRQHandler           ;
  EXTI Line 4
   83    0000006C ........              DCD     DMA1_Channel1_IRQHandler   ;
  DMA1 Channel 1
   84    00000070 ........              DCD     DMA1_Channel2_IRQHandler   ;
  DMA1 Channel 2
   85    00000074 ........              DCD     DMA1_Channel3_IRQHandler   ;
  DMA1 Channel 3
   86    00000078 ........              DCD     DMA1_Channel4_IRQHandler   ;
  DMA1 Channel 4
   87    0000007C ........              DCD     DMA1_Channel5_IRQHandler   ;
  DMA1 Channel 5
   88    00000080 ........              DCD     DMA1_Channel6_IRQHandler   ;
  DMA1 Channel 6
   89    00000084 ........              DCD     DMA1_Channel7_IRQHandler   ;
  DMA1 Channel 7
   90    00000088 ........              DCD     ADC1_2_IRQHandler          ;
  ADC1 and ADC2
   91    0000008C ........              DCD     CAN1_TX_IRQHandler         ;
  CAN1 TX
   92    00000090 ........              DCD     CAN1_RX0_IRQHandler        ;
  CAN1 RX0
   93    00000094 ........              DCD     CAN1_RX1_IRQHandler        ;
  CAN1 RX1
   94    00000098 ........              DCD     CAN1_SCE_IRQHandler        ;
  CAN1 SCE
   95    0000009C ........              DCD     EXTI9_5_IRQHandler         ;
  EXTI Line 9..5
   96    000000A0 ........              DCD     TIM1_BRK_IRQHandler        ;
  TIM1 Break
   97    000000A4 ........              DCD     TIM1_UP_IRQHandler         ;
  TIM1 Update
   98    000000A8 ........              DCD     TIM1_TRG_COM_IRQHandler    ;
  TIM1 Trigger and Commutation
   99    000000AC ........              DCD     TIM1_CC_IRQHandler         ;
  TIM1 Capture Compare
  100    000000B0 ........              DCD     TIM2_IRQHandler            ;
  TIM2
  101    000000B4 ........              DCD     TIM3_IRQHandler            ;
  TIM3
  102    000000B8 ........              DCD     TIM4_IRQHandler            ;
  TIM4
  103    000000BC ........              DCD     I2C1_EV_IRQHandler         ;
  I2C1 Event
  104    000000C0 ........              DCD     I2C1_ER_IRQHandler         ;
  I2C1 Error
  105    000000C4 ........              DCD     I2C2_EV_IRQHandler         ;
  I2C2 Event
  106    000000C8 ........              DCD     I2C2_ER_IRQHandler         ;
  I2C1 Error
  107    000000CC ........              DCD     SPI1_IRQHandler            ;
  SPI1
  108    000000D0 ........              DCD     SPI2_IRQHandler            ;
  SPI2
  109    000000D4 ........              DCD     USART1_IRQHandler          ;
  USART1
  110    000000D8 ........              DCD     USART2_IRQHandler          ;
  USART2
  111    000000DC ........              DCD     USART3_IRQHandler          ;
  USART3
  112    000000E0 ........              DCD     EXTI15_10_IRQHandler       ;
  EXTI Line 15..10
  113    000000E4 ........              DCD     RTCAlarm_IRQHandler        ;
  RTC alarm through EXTI line
  114    000000E8 ........              DCD     OTG_FS_WKUP_IRQHandler     ;
  USB OTG FS Wakeup through EXTI line
  115    000000EC 00000000              DCD     0                          ;
  Reserved
  116    000000F0 00000000              DCD     0                          ;
  Reserved
  117    000000F4 00000000              DCD     0                          ;
  Reserved
  118    000000F8 00000000              DCD     0                          ;
  Reserved
  119    000000FC 00000000              DCD     0                          ;
  Reserved
  120    00000100 00000000              DCD     0                          ;
  Reserved
  121    00000104 00000000              DCD     0                          ;
  Reserved
  122    00000108 ........              DCD     TIM5_IRQHandler            ;
  TIM5
  123    0000010C ........              DCD     SPI3_IRQHandler            ;
  SPI3
  124    00000110 ........              DCD     UART4_IRQHandler           ;
  UART4
  125    00000114 ........              DCD     UART5_IRQHandler           ;
  UART5
  126    00000118 ........              DCD     TIM6_IRQHandler            ;
  TIM6
  127    0000011C ........              DCD     TIM7_IRQHandler            ;
  TIM7
  128    00000120 ........              DCD     DMA2_Channel1_IRQHandler   ;
  DMA2 Channel1
  129    00000124 ........              DCD     DMA2_Channel2_IRQHandler   ;
  DMA2 Channel2
  130    00000128 ........              DCD     DMA2_Channel3_IRQHandler   ;
  DMA2 Channel3
  131    0000012C ........              DCD     DMA2_Channel4_IRQHandler   ;
  DMA2 Channel4
  132    00000130 ........              DCD     DMA2_Channel5_IRQHandler   ;
  DMA2 Channel5
  133    00000134 ........              DCD     ETH_IRQHandler             ;
  Ethernet
  134    00000138 ........              DCD     ETH_WKUP_IRQHandler        ;
  Ethernet Wakeup through EXTI line
  135    0000013C ........              DCD     CAN2_TX_IRQHandler         ;
  CAN2 TX
  136    00000140 ........              DCD     CAN2_RX0_IRQHandler        ;
  CAN2 RX0
  137    00000144 ........              DCD     CAN2_RX1_IRQHandler        ;
  CAN2 RX1
  138    00000148 ........              DCD     CAN2_SCE_IRQHandler        ;
  CAN2 SCE
  139    0000014C ........              DCD     OTG_FS_IRQHandler          ;
  USB OTG FS
  140                           
  141                           ;;;;;;;;;;;;;;;;;;;;;;;;;;;;;;;;;;;;;;;;;;;;;;
                                ;;;;;;
  142                           ;;
  143                           ;; Default interrupt handlers.
  144                           ;;
  145                                   THUMB
  146                           
  147                                   PUBWEAK Reset_Handler
  148                                   SECTION .text:CODE:REORDER(2)
  149                           Reset_Handler
                                Reset_Handler
                                ------------^
                                "H:\项目开发\多联机GPRS数据压缩及统计开发\STM3
                       2F10x_uCOSii_2015_12_03\src\Startup\startup_stm32f10x_cl
                       .s",149  Warning[25]: L
                                abel 'Reset_Handler' is defined pubweak in a
                        section implicitly declared root
  150    00000000 0148                  LDR     R0, =SystemInit
  151    00000002 8047                  BLX     R0
  152    00000004 0148                  LDR     R0, =__iar_program_start
  153    00000006 0047                  BX      R0
  154                                   
  155                                   PUBWEAK NMI_Handler
  155.1                                  TABLE
  155.2  00000008 ........              Reference on line 150
  155.3  0000000C ........              Reference on line 152
  156                                   SECTION .text:CODE:REORDER(1)
  157                           NMI_Handler
                                NMI_Handler
                                ----------^
                                "H:\项目开发\多联机GPRS数据压缩及统计开发\STM3
                       2F10x_uCOSii_2015_12_03\src\Startup\startup_stm32f10x_cl
                       .s",157  Warning[25]: L
                                abel 'NMI_Handler' is defined pubweak in a
                        section implicitly declared root
  158    00000000 ........              B NMI_Handler
  159                           
  160                                   PUBWEAK HardFault_Handler
  161                                   SECTION .text:CODE:REORDER(1)
  162                           HardFault_Handler
                                HardFault_Handler
                                ----------------^
                                "H:\项目开发\多联机GPRS数据压缩及统计开发\STM3
                       2F10x_uCOSii_2015_12_03\src\Startup\startup_stm32f10x_cl
                       .s",162  Warning[25]: L
                                abel 'HardFault_Handler' is defined pubweak in
                        a section implicitly declared root
  163    00000000 ........              B HardFault_Handler
  164                           
  165                                   PUBWEAK MemManage_Handler
  166                                   SECTION .text:CODE:REORDER(1)
  167                           MemManage_Handler
                                MemManage_Handler
                                ----------------^
                                "H:\项目开发\多联机GPRS数据压缩及统计开发\STM3
                       2F10x_uCOSii_2015_12_03\src\Startup\startup_stm32f10x_cl
                       .s",167  Warning[25]: L
                                abel 'MemManage_Handler' is defined pubweak in
                        a section implicitly declared root
  168    00000000 ........              B MemManage_Handler
  169                           
  170                                   PUBWEAK BusFault_Handler
  171                                   SECTION .text:CODE:REORDER(1)
  172                           BusFault_Handler
                                BusFault_Handler
                                ---------------^
                                "H:\项目开发\多联机GPRS数据压缩及统计开发\STM3
                       2F10x_uCOSii_2015_12_03\src\Startup\startup_stm32f10x_cl
                       .s",172  Warning[25]: L
                                abel 'BusFault_Handler' is defined pubweak in
                        a section implicitly declared root
  173    00000000 ........              B BusFault_Handler
  174                           
  175                                   PUBWEAK UsageFault_Handler
  176                                   SECTION .text:CODE:REORDER(1)
  177                           UsageFault_Handler
                                UsageFault_Handler
                                -----------------^
                                "H:\项目开发\多联机GPRS数据压缩及统计开发\STM3
                       2F10x_uCOSii_2015_12_03\src\Startup\startup_stm32f10x_cl
                       .s",177  Warning[25]: L
                                abel 'UsageFault_Handler' is defined pubweak
                        in a section implicitly declared root
  178    00000000 ........              B UsageFault_Handler
  179                           
  180                                   PUBWEAK SVC_Handler
  181                                   SECTION .text:CODE:REORDER(1)
  182                           SVC_Handler
                                SVC_Handler
                                ----------^
                                "H:\项目开发\多联机GPRS数据压缩及统计开发\STM3
                       2F10x_uCOSii_2015_12_03\src\Startup\startup_stm32f10x_cl
                       .s",182  Warning[25]: L
                                abel 'SVC_Handler' is defined pubweak in a
                        section implicitly declared root
  183    00000000 ........              B SVC_Handler
  184                           
  185                                   PUBWEAK DebugMon_Handler
  186                                   SECTION .text:CODE:REORDER(1)
  187                           DebugMon_Handler
                                DebugMon_Handler
                                ---------------^
                                "H:\项目开发\多联机GPRS数据压缩及统计开发\STM3
                       2F10x_uCOSii_2015_12_03\src\Startup\startup_stm32f10x_cl
                       .s",187  Warning[25]: L
                                abel 'DebugMon_Handler' is defined pubweak in
                        a section implicitly declared root
  188    00000000 ........              B DebugMon_Handler
  189                           
  190                                   PUBWEAK PendSV_Handler
  191                                   SECTION .text:CODE:REORDER(1)
  192                           PendSV_Handler
                                PendSV_Handler
                                -------------^
                                "H:\项目开发\多联机GPRS数据压缩及统计开发\STM3
                       2F10x_uCOSii_2015_12_03\src\Startup\startup_stm32f10x_cl
                       .s",192  Warning[25]: L
                                abel 'PendSV_Handler' is defined pubweak in a
                        section implicitly declared root
  193    00000000 ........              B PendSV_Handler
  194                           
  195                                   PUBWEAK SysTick_Handler
  196                                   SECTION .text:CODE:REORDER(1)
  197                           SysTick_Handler
                                SysTick_Handler
                                --------------^
                                "H:\项目开发\多联机GPRS数据压缩及统计开发\STM3
                       2F10x_uCOSii_2015_12_03\src\Startup\startup_stm32f10x_cl
                       .s",197  Warning[25]: L
                                abel 'SysTick_Handler' is defined pubweak in a
                        section implicitly declared root
  198    00000000 ........              B SysTick_Handler
  199                           
  200                                   PUBWEAK WWDG_IRQHandler
  201                                   SECTION .text:CODE:REORDER(1)
  202                           WWDG_IRQHandler
                                WWDG_IRQHandler
                                --------------^
                                "H:\项目开发\多联机GPRS数据压缩及统计开发\STM3
                       2F10x_uCOSii_2015_12_03\src\Startup\startup_stm32f10x_cl
                       .s",202  Warning[25]: L
                                abel 'WWDG_IRQHandler' is defined pubweak in a
                        section implicitly declared root
  203    00000000 ........              B WWDG_IRQHandler
  204                           
  205                                   PUBWEAK PVD_IRQHandler
  206                                   SECTION .text:CODE:REORDER(1)
  207                           PVD_IRQHandler
                                PVD_IRQHandler
                                -------------^
                                "H:\项目开发\多联机GPRS数据压缩及统计开发\STM3
                       2F10x_uCOSii_2015_12_03\src\Startup\startup_stm32f10x_cl
                       .s",207  Warning[25]: L
                                abel 'PVD_IRQHandler' is defined pubweak in a
                        section implicitly declared root
  208    00000000 ........              B PVD_IRQHandler
  209                           
  210                                   PUBWEAK TAMPER_IRQHandler
  211                                   SECTION .text:CODE:REORDER(1)
  212                           TAMPER_IRQHandler
                                TAMPER_IRQHandler
                                ----------------^
                                "H:\项目开发\多联机GPRS数据压缩及统计开发\STM3
                       2F10x_uCOSii_2015_12_03\src\Startup\startup_stm32f10x_cl
                       .s",212  Warning[25]: L
                                abel 'TAMPER_IRQHandler' is defined pubweak in
                        a section implicitly declared root
  213    00000000 ........              B TAMPER_IRQHandler
  214                           
  215                                   PUBWEAK RTC_IRQHandler
  216                                   SECTION .text:CODE:REORDER(1)
  217                           RTC_IRQHandler
                                RTC_IRQHandler
                                -------------^
                                "H:\项目开发\多联机GPRS数据压缩及统计开发\STM3
                       2F10x_uCOSii_2015_12_03\src\Startup\startup_stm32f10x_cl
                       .s",217  Warning[25]: L
                                abel 'RTC_IRQHandler' is defined pubweak in a
                        section implicitly declared root
  218    00000000 ........              B RTC_IRQHandler
  219                           
  220                                   PUBWEAK FLASH_IRQHandler
  221                                   SECTION .text:CODE:REORDER(1)
  222                           FLASH_IRQHandler
                                FLASH_IRQHandler
                                ---------------^
                                "H:\项目开发\多联机GPRS数据压缩及统计开发\STM3
                       2F10x_uCOSii_2015_12_03\src\Startup\startup_stm32f10x_cl
                       .s",222  Warning[25]: L
                                abel 'FLASH_IRQHandler' is defined pubweak in
                        a section implicitly declared root
  223    00000000 ........              B FLASH_IRQHandler
  224                           
  225                                   PUBWEAK RCC_IRQHandler
  226                                   SECTION .text:CODE:REORDER(1)
  227                           RCC_IRQHandler
                                RCC_IRQHandler
                                -------------^
                                "H:\项目开发\多联机GPRS数据压缩及统计开发\STM3
                       2F10x_uCOSii_2015_12_03\src\Startup\startup_stm32f10x_cl
                       .s",227  Warning[25]: L
                                abel 'RCC_IRQHandler' is defined pubweak in a
                        section implicitly declared root
  228    00000000 ........              B RCC_IRQHandler
  229                           
  230                                   PUBWEAK EXTI0_IRQHandler
  231                                   SECTION .text:CODE:REORDER(1)
  232                           EXTI0_IRQHandler
                                EXTI0_IRQHandler
                                ---------------^
                                "H:\项目开发\多联机GPRS数据压缩及统计开发\STM3
                       2F10x_uCOSii_2015_12_03\src\Startup\startup_stm32f10x_cl
                       .s",232  Warning[25]: L
                                abel 'EXTI0_IRQHandler' is defined pubweak in
                        a section implicitly declared root
  233    00000000 ........              B EXTI0_IRQHandler
  234                           
  235                                   PUBWEAK EXTI1_IRQHandler
  236                                   SECTION .text:CODE:REORDER(1)
  237                           EXTI1_IRQHandler
                                EXTI1_IRQHandler
                                ---------------^
                                "H:\项目开发\多联机GPRS数据压缩及统计开发\STM3
                       2F10x_uCOSii_2015_12_03\src\Startup\startup_stm32f10x_cl
                       .s",237  Warning[25]: L
                                abel 'EXTI1_IRQHandler' is defined pubweak in
                        a section implicitly declared root
  238    00000000 ........              B EXTI1_IRQHandler
  239                           
  240                                   PUBWEAK EXTI2_IRQHandler
  241                                   SECTION .text:CODE:REORDER(1)
  242                           EXTI2_IRQHandler
                                EXTI2_IRQHandler
                                ---------------^
                                "H:\项目开发\多联机GPRS数据压缩及统计开发\STM3
                       2F10x_uCOSii_2015_12_03\src\Startup\startup_stm32f10x_cl
                       .s",242  Warning[25]: L
                                abel 'EXTI2_IRQHandler' is defined pubweak in
                        a section implicitly declared root
  243    00000000 ........              B EXTI2_IRQHandler
  244                           
  245                                   PUBWEAK EXTI3_IRQHandler
  246                                   SECTION .text:CODE:REORDER(1)
  247                           EXTI3_IRQHandler
                                EXTI3_IRQHandler
                                ---------------^
                                "H:\项目开发\多联机GPRS数据压缩及统计开发\STM3
                       2F10x_uCOSii_2015_12_03\src\Startup\startup_stm32f10x_cl
                       .s",247  Warning[25]: L
                                abel 'EXTI3_IRQHandler' is defined pubweak in
                        a section implicitly declared root
  248    00000000 ........              B EXTI3_IRQHandler
  249                           
  250                           
  251                                   PUBWEAK EXTI4_IRQHandler
  252                                   SECTION .text:CODE:REORDER(1)
  253                           EXTI4_IRQHandler
                                EXTI4_IRQHandler
                                ---------------^
                                "H:\项目开发\多联机GPRS数据压缩及统计开发\STM3
                       2F10x_uCOSii_2015_12_03\src\Startup\startup_stm32f10x_cl
                       .s",253  Warning[25]: L
                                abel 'EXTI4_IRQHandler' is defined pubweak in
                        a section implicitly declared root
  254    00000000 ........              B EXTI4_IRQHandler
  255                           
  256                                   PUBWEAK DMA1_Channel1_IRQHandler
  257                                   SECTION .text:CODE:REORDER(1)
  258                           DMA1_Channel1_IRQHandler
                                DMA1_Channel1_IRQHandler
                                -----------------------^
                                "H:\项目开发\多联机GPRS数据压缩及统计开发\STM3
                       2F10x_uCOSii_2015_12_03\src\Startup\startup_stm32f10x_cl
                       .s",258  Warning[25]: L
                                abel 'DMA1_Channel1_IRQHandler' is defined
                        pubweak in a section implicitly declared root
  259    00000000 ........              B DMA1_Channel1_IRQHandler
  260                           
  261                                   PUBWEAK DMA1_Channel2_IRQHandler
  262                                   SECTION .text:CODE:REORDER(1)
  263                           DMA1_Channel2_IRQHandler
                                DMA1_Channel2_IRQHandler
                                -----------------------^
                                "H:\项目开发\多联机GPRS数据压缩及统计开发\STM3
                       2F10x_uCOSii_2015_12_03\src\Startup\startup_stm32f10x_cl
                       .s",263  Warning[25]: L
                                abel 'DMA1_Channel2_IRQHandler' is defined
                        pubweak in a section implicitly declared root
  264    00000000 ........              B DMA1_Channel2_IRQHandler
  265                           
  266                                   PUBWEAK DMA1_Channel3_IRQHandler
  267                                   SECTION .text:CODE:REORDER(1)
  268                           DMA1_Channel3_IRQHandler
                                DMA1_Channel3_IRQHandler
                                -----------------------^
                                "H:\项目开发\多联机GPRS数据压缩及统计开发\STM3
                       2F10x_uCOSii_2015_12_03\src\Startup\startup_stm32f10x_cl
                       .s",268  Warning[25]: L
                                abel 'DMA1_Channel3_IRQHandler' is defined
                        pubweak in a section implicitly declared root
  269    00000000 ........              B DMA1_Channel3_IRQHandler
  270                           
  271                                   PUBWEAK DMA1_Channel4_IRQHandler
  272                                   SECTION .text:CODE:REORDER(1)
  273                           DMA1_Channel4_IRQHandler
                                DMA1_Channel4_IRQHandler
                                -----------------------^
                                "H:\项目开发\多联机GPRS数据压缩及统计开发\STM3
                       2F10x_uCOSii_2015_12_03\src\Startup\startup_stm32f10x_cl
                       .s",273  Warning[25]: L
                                abel 'DMA1_Channel4_IRQHandler' is defined
                        pubweak in a section implicitly declared root
  274    00000000 ........              B DMA1_Channel4_IRQHandler
  275                           
  276                                   PUBWEAK DMA1_Channel5_IRQHandler
  277                                   SECTION .text:CODE:REORDER(1)
  278                           DMA1_Channel5_IRQHandler
                                DMA1_Channel5_IRQHandler
                                -----------------------^
                                "H:\项目开发\多联机GPRS数据压缩及统计开发\STM3
                       2F10x_uCOSii_2015_12_03\src\Startup\startup_stm32f10x_cl
                       .s",278  Warning[25]: L
                                abel 'DMA1_Channel5_IRQHandler' is defined
                        pubweak in a section implicitly declared root
  279    00000000 ........              B DMA1_Channel5_IRQHandler
  280                           
  281                                   PUBWEAK DMA1_Channel6_IRQHandler
  282                                   SECTION .text:CODE:REORDER(1)
  283                           DMA1_Channel6_IRQHandler
                                DMA1_Channel6_IRQHandler
                                -----------------------^
                                "H:\项目开发\多联机GPRS数据压缩及统计开发\STM3
                       2F10x_uCOSii_2015_12_03\src\Startup\startup_stm32f10x_cl
                       .s",283  Warning[25]: L
                                abel 'DMA1_Channel6_IRQHandler' is defined
                        pubweak in a section implicitly declared root
  284    00000000 ........              B DMA1_Channel6_IRQHandler
  285                           
  286                                   PUBWEAK DMA1_Channel7_IRQHandler
  287                                   SECTION .text:CODE:REORDER(1)
  288                           DMA1_Channel7_IRQHandler
                                DMA1_Channel7_IRQHandler
                                -----------------------^
                                "H:\项目开发\多联机GPRS数据压缩及统计开发\STM3
                       2F10x_uCOSii_2015_12_03\src\Startup\startup_stm32f10x_cl
                       .s",288  Warning[25]: L
                                abel 'DMA1_Channel7_IRQHandler' is defined
                        pubweak in a section implicitly declared root
  289    00000000 ........              B DMA1_Channel7_IRQHandler
  290                           
  291                                   PUBWEAK ADC1_2_IRQHandler
  292                                   SECTION .text:CODE:REORDER(1)
  293                           ADC1_2_IRQHandler
                                ADC1_2_IRQHandler
                                ----------------^
                                "H:\项目开发\多联机GPRS数据压缩及统计开发\STM3
                       2F10x_uCOSii_2015_12_03\src\Startup\startup_stm32f10x_cl
                       .s",293  Warning[25]: L
                                abel 'ADC1_2_IRQHandler' is defined pubweak in
                        a section implicitly declared root
  294    00000000 ........              B ADC1_2_IRQHandler
  295                           
  296                                   PUBWEAK CAN1_TX_IRQHandler
  297                                   SECTION .text:CODE:REORDER(1)
  298                           CAN1_TX_IRQHandler
                                CAN1_TX_IRQHandler
                                -----------------^
                                "H:\项目开发\多联机GPRS数据压缩及统计开发\STM3
                       2F10x_uCOSii_2015_12_03\src\Startup\startup_stm32f10x_cl
                       .s",298  Warning[25]: L
                                abel 'CAN1_TX_IRQHandler' is defined pubweak
                        in a section implicitly declared root
  299    00000000 ........              B CAN1_TX_IRQHandler
  300                           
  301                                   PUBWEAK CAN1_RX0_IRQHandler
  302                                   SECTION .text:CODE:REORDER(1)
  303                           CAN1_RX0_IRQHandler
                                CAN1_RX0_IRQHandler
                                ------------------^
                                "H:\项目开发\多联机GPRS数据压缩及统计开发\STM3
                       2F10x_uCOSii_2015_12_03\src\Startup\startup_stm32f10x_cl
                       .s",303  Warning[25]: L
                                abel 'CAN1_RX0_IRQHandler' is defined pubweak
                        in a section implicitly declared root
  304    00000000 ........              B CAN1_RX0_IRQHandler
  305                           
  306                                   PUBWEAK CAN1_RX1_IRQHandler
  307                                   SECTION .text:CODE:REORDER(1)
  308                           CAN1_RX1_IRQHandler
                                CAN1_RX1_IRQHandler
                                ------------------^
                                "H:\项目开发\多联机GPRS数据压缩及统计开发\STM3
                       2F10x_uCOSii_2015_12_03\src\Startup\startup_stm32f10x_cl
                       .s",308  Warning[25]: L
                                abel 'CAN1_RX1_IRQHandler' is defined pubweak
                        in a section implicitly declared root
  309    00000000 ........              B CAN1_RX1_IRQHandler
  310                           
  311                                   PUBWEAK CAN1_SCE_IRQHandler
  312                                   SECTION .text:CODE:REORDER(1)
  313                           CAN1_SCE_IRQHandler
                                CAN1_SCE_IRQHandler
                                ------------------^
                                "H:\项目开发\多联机GPRS数据压缩及统计开发\STM3
                       2F10x_uCOSii_2015_12_03\src\Startup\startup_stm32f10x_cl
                       .s",313  Warning[25]: L
                                abel 'CAN1_SCE_IRQHandler' is defined pubweak
                        in a section implicitly declared root
  314    00000000 ........              B CAN1_SCE_IRQHandler
  315                           
  316                                   PUBWEAK EXTI9_5_IRQHandler
  317                                   SECTION .text:CODE:REORDER(1)
  318                           EXTI9_5_IRQHandler
                                EXTI9_5_IRQHandler
                                -----------------^
                                "H:\项目开发\多联机GPRS数据压缩及统计开发\STM3
                       2F10x_uCOSii_2015_12_03\src\Startup\startup_stm32f10x_cl
                       .s",318  Warning[25]: L
                                abel 'EXTI9_5_IRQHandler' is defined pubweak
                        in a section implicitly declared root
  319    00000000 ........              B EXTI9_5_IRQHandler
  320                           
  321                                   PUBWEAK TIM1_BRK_IRQHandler
  322                                   SECTION .text:CODE:REORDER(1)
  323                           TIM1_BRK_IRQHandler
                                TIM1_BRK_IRQHandler
                                ------------------^
                                "H:\项目开发\多联机GPRS数据压缩及统计开发\STM3
                       2F10x_uCOSii_2015_12_03\src\Startup\startup_stm32f10x_cl
                       .s",323  Warning[25]: L
                                abel 'TIM1_BRK_IRQHandler' is defined pubweak
                        in a section implicitly declared root
  324    00000000 ........              B TIM1_BRK_IRQHandler
  325                           
  326                                   PUBWEAK TIM1_UP_IRQHandler
  327                                   SECTION .text:CODE:REORDER(1)
  328                           TIM1_UP_IRQHandler
                                TIM1_UP_IRQHandler
                                -----------------^
                                "H:\项目开发\多联机GPRS数据压缩及统计开发\STM3
                       2F10x_uCOSii_2015_12_03\src\Startup\startup_stm32f10x_cl
                       .s",328  Warning[25]: L
                                abel 'TIM1_UP_IRQHandler' is defined pubweak
                        in a section implicitly declared root
  329    00000000 ........              B TIM1_UP_IRQHandler
  330                           
  331                                   PUBWEAK TIM1_TRG_COM_IRQHandler
  332                                   SECTION .text:CODE:REORDER(1)
  333                           TIM1_TRG_COM_IRQHandler
                                TIM1_TRG_COM_IRQHandler
                                ----------------------^
                                "H:\项目开发\多联机GPRS数据压缩及统计开发\STM3
                       2F10x_uCOSii_2015_12_03\src\Startup\startup_stm32f10x_cl
                       .s",333  Warning[25]: L
                                abel 'TIM1_TRG_COM_IRQHandler' is defined
                        pubweak in a section implicitly declared root
  334    00000000 ........              B TIM1_TRG_COM_IRQHandler
  335                           
  336                                   PUBWEAK TIM1_CC_IRQHandler
  337                                   SECTION .text:CODE:REORDER(1)
  338                           TIM1_CC_IRQHandler
                                TIM1_CC_IRQHandler
                                -----------------^
                                "H:\项目开发\多联机GPRS数据压缩及统计开发\STM3
                       2F10x_uCOSii_2015_12_03\src\Startup\startup_stm32f10x_cl
                       .s",338  Warning[25]: L
                                abel 'TIM1_CC_IRQHandler' is defined pubweak
                        in a section implicitly declared root
  339    00000000 ........              B TIM1_CC_IRQHandler
  340                           
  341                                   PUBWEAK TIM2_IRQHandler
  342                                   SECTION .text:CODE:REORDER(1)
  343                           TIM2_IRQHandler
                                TIM2_IRQHandler
                                --------------^
                                "H:\项目开发\多联机GPRS数据压缩及统计开发\STM3
                       2F10x_uCOSii_2015_12_03\src\Startup\startup_stm32f10x_cl
                       .s",343  Warning[25]: L
                                abel 'TIM2_IRQHandler' is defined pubweak in a
                        section implicitly declared root
  344    00000000 ........              B TIM2_IRQHandler
  345                           
  346                                   PUBWEAK TIM3_IRQHandler
  347                                   SECTION .text:CODE:REORDER(1)
  348                           TIM3_IRQHandler
                                TIM3_IRQHandler
                                --------------^
                                "H:\项目开发\多联机GPRS数据压缩及统计开发\STM3
                       2F10x_uCOSii_2015_12_03\src\Startup\startup_stm32f10x_cl
                       .s",348  Warning[25]: L
                                abel 'TIM3_IRQHandler' is defined pubweak in a
                        section implicitly declared root
  349    00000000 ........              B TIM3_IRQHandler
  350                           
  351                                   PUBWEAK TIM4_IRQHandler
  352                                   SECTION .text:CODE:REORDER(1)
  353                           TIM4_IRQHandler
                                TIM4_IRQHandler
                                --------------^
                                "H:\项目开发\多联机GPRS数据压缩及统计开发\STM3
                       2F10x_uCOSii_2015_12_03\src\Startup\startup_stm32f10x_cl
                       .s",353  Warning[25]: L
                                abel 'TIM4_IRQHandler' is defined pubweak in a
                        section implicitly declared root
  354    00000000 ........              B TIM4_IRQHandler
  355                           
  356                                   PUBWEAK I2C1_EV_IRQHandler
  357                                   SECTION .text:CODE:REORDER(1)
  358                           I2C1_EV_IRQHandler
                                I2C1_EV_IRQHandler
                                -----------------^
                                "H:\项目开发\多联机GPRS数据压缩及统计开发\STM3
                       2F10x_uCOSii_2015_12_03\src\Startup\startup_stm32f10x_cl
                       .s",358  Warning[25]: L
                                abel 'I2C1_EV_IRQHandler' is defined pubweak
                        in a section implicitly declared root
  359    00000000 ........              B I2C1_EV_IRQHandler
  360                           
  361                                   PUBWEAK I2C1_ER_IRQHandler
  362                                   SECTION .text:CODE:REORDER(1)
  363                           I2C1_ER_IRQHandler
                                I2C1_ER_IRQHandler
                                -----------------^
                                "H:\项目开发\多联机GPRS数据压缩及统计开发\STM3
                       2F10x_uCOSii_2015_12_03\src\Startup\startup_stm32f10x_cl
                       .s",363  Warning[25]: L
                                abel 'I2C1_ER_IRQHandler' is defined pubweak
                        in a section implicitly declared root
  364    00000000 ........              B I2C1_ER_IRQHandler
  365                           
  366                                   PUBWEAK I2C2_EV_IRQHandler
  367                                   SECTION .text:CODE:REORDER(1)
  368                           I2C2_EV_IRQHandler
                                I2C2_EV_IRQHandler
                                -----------------^
                                "H:\项目开发\多联机GPRS数据压缩及统计开发\STM3
                       2F10x_uCOSii_2015_12_03\src\Startup\startup_stm32f10x_cl
                       .s",368  Warning[25]: L
                                abel 'I2C2_EV_IRQHandler' is defined pubweak
                        in a section implicitly declared root
  369    00000000 ........              B I2C2_EV_IRQHandler
  370                           
  371                                   PUBWEAK I2C2_ER_IRQHandler
  372                                   SECTION .text:CODE:REORDER(1)
  373                           I2C2_ER_IRQHandler
                                I2C2_ER_IRQHandler
                                -----------------^
                                "H:\项目开发\多联机GPRS数据压缩及统计开发\STM3
                       2F10x_uCOSii_2015_12_03\src\Startup\startup_stm32f10x_cl
                       .s",373  Warning[25]: L
                                abel 'I2C2_ER_IRQHandler' is defined pubweak
                        in a section implicitly declared root
  374    00000000 ........              B I2C2_ER_IRQHandler
  375                           
  376                                   PUBWEAK SPI1_IRQHandler
  377                                   SECTION .text:CODE:REORDER(1)
  378                           SPI1_IRQHandler
                                SPI1_IRQHandler
                                --------------^
                                "H:\项目开发\多联机GPRS数据压缩及统计开发\STM3
                       2F10x_uCOSii_2015_12_03\src\Startup\startup_stm32f10x_cl
                       .s",378  Warning[25]: L
                                abel 'SPI1_IRQHandler' is defined pubweak in a
                        section implicitly declared root
  379    00000000 ........              B SPI1_IRQHandler    
  380                           
  381                                   PUBWEAK SPI2_IRQHandler
  382                                   SECTION .text:CODE:REORDER(1)
  383                           SPI2_IRQHandler
                                SPI2_IRQHandler
                                --------------^
                                "H:\项目开发\多联机GPRS数据压缩及统计开发\STM3
                       2F10x_uCOSii_2015_12_03\src\Startup\startup_stm32f10x_cl
                       .s",383  Warning[25]: L
                                abel 'SPI2_IRQHandler' is defined pubweak in a
                        section implicitly declared root
  384    00000000 ........              B SPI2_IRQHandler
  385                           
  386                                   PUBWEAK USART1_IRQHandler
  387                                   SECTION .text:CODE:REORDER(1)
  388                           USART1_IRQHandler
                                USART1_IRQHandler
                                ----------------^
                                "H:\项目开发\多联机GPRS数据压缩及统计开发\STM3
                       2F10x_uCOSii_2015_12_03\src\Startup\startup_stm32f10x_cl
                       .s",388  Warning[25]: L
                                abel 'USART1_IRQHandler' is defined pubweak in
                        a section implicitly declared root
  389    00000000 ........              B USART1_IRQHandler
  390                           
  391                                   PUBWEAK USART2_IRQHandler
  392                                   SECTION .text:CODE:REORDER(1)
  393                           USART2_IRQHandler
                                USART2_IRQHandler
                                ----------------^
                                "H:\项目开发\多联机GPRS数据压缩及统计开发\STM3
                       2F10x_uCOSii_2015_12_03\src\Startup\startup_stm32f10x_cl
                       .s",393  Warning[25]: L
                                abel 'USART2_IRQHandler' is defined pubweak in
                        a section implicitly declared root
  394    00000000 ........              B USART2_IRQHandler
  395                           
  396                                   PUBWEAK USART3_IRQHandler
  397                                   SECTION .text:CODE:REORDER(1)
  398                           USART3_IRQHandler
                                USART3_IRQHandler
                                ----------------^
                                "H:\项目开发\多联机GPRS数据压缩及统计开发\STM3
                       2F10x_uCOSii_2015_12_03\src\Startup\startup_stm32f10x_cl
                       .s",398  Warning[25]: L
                                abel 'USART3_IRQHandler' is defined pubweak in
                        a section implicitly declared root
  399    00000000 ........              B USART3_IRQHandler
  400                           
  401                                   PUBWEAK EXTI15_10_IRQHandler
  402                                   SECTION .text:CODE:REORDER(1)
  403                           EXTI15_10_IRQHandler
                                EXTI15_10_IRQHandler
                                -------------------^
                                "H:\项目开发\多联机GPRS数据压缩及统计开发\STM3
                       2F10x_uCOSii_2015_12_03\src\Startup\startup_stm32f10x_cl
                       .s",403  Warning[25]: L
                                abel 'EXTI15_10_IRQHandler' is defined pubweak
                        in a section implicitly declared root
  404    00000000 ........              B EXTI15_10_IRQHandler
  405                           
  406                                   PUBWEAK RTCAlarm_IRQHandler
  407                                   SECTION .text:CODE:REORDER(1)
  408                           RTCAlarm_IRQHandler
                                RTCAlarm_IRQHandler
                                ------------------^
                                "H:\项目开发\多联机GPRS数据压缩及统计开发\STM3
                       2F10x_uCOSii_2015_12_03\src\Startup\startup_stm32f10x_cl
                       .s",408  Warning[25]: L
                                abel 'RTCAlarm_IRQHandler' is defined pubweak
                        in a section implicitly declared root
  409    00000000 ........              B RTCAlarm_IRQHandler
  410                           
  411                                   PUBWEAK OTG_FS_WKUP_IRQHandler
  412                                   SECTION .text:CODE:REORDER(1)
  413                           OTG_FS_WKUP_IRQHandler
                                OTG_FS_WKUP_IRQHandler
                                ---------------------^
                                "H:\项目开发\多联机GPRS数据压缩及统计开发\STM3
                       2F10x_uCOSii_2015_12_03\src\Startup\startup_stm32f10x_cl
                       .s",413  Warning[25]: L
                                abel 'OTG_FS_WKUP_IRQHandler' is defined
                        pubweak in a section implicitly declared root
  414    00000000 ........              B OTG_FS_WKUP_IRQHandler
  415                           
  416                                   PUBWEAK TIM5_IRQHandler
  417                                   SECTION .text:CODE:REORDER(1)
  418                           TIM5_IRQHandler
                                TIM5_IRQHandler
                                --------------^
                                "H:\项目开发\多联机GPRS数据压缩及统计开发\STM3
                       2F10x_uCOSii_2015_12_03\src\Startup\startup_stm32f10x_cl
                       .s",418  Warning[25]: L
                                abel 'TIM5_IRQHandler' is defined pubweak in a
                        section implicitly declared root
  419    00000000 ........              B TIM5_IRQHandler
  420                           
  421                                   PUBWEAK SPI3_IRQHandler
  422                                   SECTION .text:CODE:REORDER(1)
  423                           SPI3_IRQHandler
                                SPI3_IRQHandler
                                --------------^
                                "H:\项目开发\多联机GPRS数据压缩及统计开发\STM3
                       2F10x_uCOSii_2015_12_03\src\Startup\startup_stm32f10x_cl
                       .s",423  Warning[25]: L
                                abel 'SPI3_IRQHandler' is defined pubweak in a
                        section implicitly declared root
  424    00000000 ........              B SPI3_IRQHandler
  425                           
  426                                   PUBWEAK UART4_IRQHandler
  427                                   SECTION .text:CODE:REORDER(1)
  428                           UART4_IRQHandler
                                UART4_IRQHandler
                                ---------------^
                                "H:\项目开发\多联机GPRS数据压缩及统计开发\STM3
                       2F10x_uCOSii_2015_12_03\src\Startup\startup_stm32f10x_cl
                       .s",428  Warning[25]: L
                                abel 'UART4_IRQHandler' is defined pubweak in
                        a section implicitly declared root
  429    00000000 ........              B UART4_IRQHandler
  430                           
  431                                   PUBWEAK UART5_IRQHandler
  432                                   SECTION .text:CODE:REORDER(1)
  433                           UART5_IRQHandler
                                UART5_IRQHandler
                                ---------------^
                                "H:\项目开发\多联机GPRS数据压缩及统计开发\STM3
                       2F10x_uCOSii_2015_12_03\src\Startup\startup_stm32f10x_cl
                       .s",433  Warning[25]: L
                                abel 'UART5_IRQHandler' is defined pubweak in
                        a section implicitly declared root
  434    00000000 ........              B UART5_IRQHandler
  435                           
  436                                   PUBWEAK TIM6_IRQHandler
  437                                   SECTION .text:CODE:REORDER(1)
  438                           TIM6_IRQHandler
                                TIM6_IRQHandler
                                --------------^
                                "H:\项目开发\多联机GPRS数据压缩及统计开发\STM3
                       2F10x_uCOSii_2015_12_03\src\Startup\startup_stm32f10x_cl
                       .s",438  Warning[25]: L
                                abel 'TIM6_IRQHandler' is defined pubweak in a
                        section implicitly declared root
  439    00000000 ........              B TIM6_IRQHandler
  440                           
  441                                   PUBWEAK TIM7_IRQHandler
  442                                   SECTION .text:CODE:REORDER(1)
  443                           TIM7_IRQHandler
                                TIM7_IRQHandler
                                --------------^
                                "H:\项目开发\多联机GPRS数据压缩及统计开发\STM3
                       2F10x_uCOSii_2015_12_03\src\Startup\startup_stm32f10x_cl
                       .s",443  Warning[25]: L
                                abel 'TIM7_IRQHandler' is defined pubweak in a
                        section implicitly declared root
  444    00000000 ........              B TIM7_IRQHandler
  445                           
  446                                   PUBWEAK DMA2_Channel1_IRQHandler
  447                                   SECTION .text:CODE:REORDER(1)
  448                           DMA2_Channel1_IRQHandler
                                DMA2_Channel1_IRQHandler
                                -----------------------^
                                "H:\项目开发\多联机GPRS数据压缩及统计开发\STM3
                       2F10x_uCOSii_2015_12_03\src\Startup\startup_stm32f10x_cl
                       .s",448  Warning[25]: L
                                abel 'DMA2_Channel1_IRQHandler' is defined
                        pubweak in a section implicitly declared root
  449    00000000 ........              B DMA2_Channel1_IRQHandler
  450                           
  451                                   PUBWEAK DMA2_Channel2_IRQHandler
  452                                   SECTION .text:CODE:REORDER(1)
  453                           DMA2_Channel2_IRQHandler
                                DMA2_Channel2_IRQHandler
                                -----------------------^
                                "H:\项目开发\多联机GPRS数据压缩及统计开发\STM3
                       2F10x_uCOSii_2015_12_03\src\Startup\startup_stm32f10x_cl
                       .s",453  Warning[25]: L
                                abel 'DMA2_Channel2_IRQHandler' is defined
                        pubweak in a section implicitly declared root
  454    00000000 ........              B DMA2_Channel2_IRQHandler
  455                           
  456                                   PUBWEAK DMA2_Channel3_IRQHandler
  457                                   SECTION .text:CODE:REORDER(1)
  458                           DMA2_Channel3_IRQHandler
                                DMA2_Channel3_IRQHandler
                                -----------------------^
                                "H:\项目开发\多联机GPRS数据压缩及统计开发\STM3
                       2F10x_uCOSii_2015_12_03\src\Startup\startup_stm32f10x_cl
                       .s",458  Warning[25]: L
                                abel 'DMA2_Channel3_IRQHandler' is defined
                        pubweak in a section implicitly declared root
  459    00000000 ........              B DMA2_Channel3_IRQHandler
  460                           
  461                                   PUBWEAK DMA2_Channel4_IRQHandler
  462                                   SECTION .text:CODE:REORDER(1)
  463                           DMA2_Channel4_IRQHandler
                                DMA2_Channel4_IRQHandler
                                -----------------------^
                                "H:\项目开发\多联机GPRS数据压缩及统计开发\STM3
                       2F10x_uCOSii_2015_12_03\src\Startup\startup_stm32f10x_cl
                       .s",463  Warning[25]: L
                                abel 'DMA2_Channel4_IRQHandler' is defined
                        pubweak in a section implicitly declared root
  464    00000000 ........              B DMA2_Channel4_IRQHandler
  465                           
  466                                   PUBWEAK DMA2_Channel5_IRQHandler
  467                                   SECTION .text:CODE:REORDER(1)
  468                           DMA2_Channel5_IRQHandler
                                DMA2_Channel5_IRQHandler
                                -----------------------^
                                "H:\项目开发\多联机GPRS数据压缩及统计开发\STM3
                       2F10x_uCOSii_2015_12_03\src\Startup\startup_stm32f10x_cl
                       .s",468  Warning[25]: L
                                abel 'DMA2_Channel5_IRQHandler' is defined
                        pubweak in a section implicitly declared root
  469    00000000 ........              B DMA2_Channel5_IRQHandler
  470                           
  471                                   PUBWEAK ETH_IRQHandler
  472                                   SECTION .text:CODE:REORDER(1)
  473                           ETH_IRQHandler
                                ETH_IRQHandler
                                -------------^
                                "H:\项目开发\多联机GPRS数据压缩及统计开发\STM3
                       2F10x_uCOSii_2015_12_03\src\Startup\startup_stm32f10x_cl
                       .s",473  Warning[25]: L
                                abel 'ETH_IRQHandler' is defined pubweak in a
                        section implicitly declared root
  474    00000000 ........              B ETH_IRQHandler
  475                           
  476                                   PUBWEAK ETH_WKUP_IRQHandler
  477                                   SECTION .text:CODE:REORDER(1)
  478                           ETH_WKUP_IRQHandler
                                ETH_WKUP_IRQHandler
                                ------------------^
                                "H:\项目开发\多联机GPRS数据压缩及统计开发\STM3
                       2F10x_uCOSii_2015_12_03\src\Startup\startup_stm32f10x_cl
                       .s",478  Warning[25]: L
                                abel 'ETH_WKUP_IRQHandler' is defined pubweak
                        in a section implicitly declared root
  479    00000000 ........              B ETH_WKUP_IRQHandler
  480                           
  481                                   PUBWEAK CAN2_TX_IRQHandler
  482                                   SECTION .text:CODE:REORDER(1)
  483                           CAN2_TX_IRQHandler
                                CAN2_TX_IRQHandler
                                -----------------^
                                "H:\项目开发\多联机GPRS数据压缩及统计开发\STM3
                       2F10x_uCOSii_2015_12_03\src\Startup\startup_stm32f10x_cl
                       .s",483  Warning[25]: L
                                abel 'CAN2_TX_IRQHandler' is defined pubweak
                        in a section implicitly declared root
  484    00000000 ........              B CAN2_TX_IRQHandler
  485                           
  486                                   PUBWEAK CAN2_RX0_IRQHandler
  487                                   SECTION .text:CODE:REORDER(1)
  488                           CAN2_RX0_IRQHandler
                                CAN2_RX0_IRQHandler
                                ------------------^
                                "H:\项目开发\多联机GPRS数据压缩及统计开发\STM3
                       2F10x_uCOSii_2015_12_03\src\Startup\startup_stm32f10x_cl
                       .s",488  Warning[25]: L
                                abel 'CAN2_RX0_IRQHandler' is defined pubweak
                        in a section implicitly declared root
  489    00000000 ........              B CAN2_RX0_IRQHandler
  490                           
  491                                   PUBWEAK CAN2_RX1_IRQHandler
  492                                   SECTION .text:CODE:REORDER(1)
  493                           CAN2_RX1_IRQHandler
                                CAN2_RX1_IRQHandler
                                ------------------^
                                "H:\项目开发\多联机GPRS数据压缩及统计开发\STM3
                       2F10x_uCOSii_2015_12_03\src\Startup\startup_stm32f10x_cl
                       .s",493  Warning[25]: L
                                abel 'CAN2_RX1_IRQHandler' is defined pubweak
                        in a section implicitly declared root
  494    00000000 ........              B CAN2_RX1_IRQHandler
  495                           
  496                                   PUBWEAK CAN2_SCE_IRQHandler
  497                                   SECTION .text:CODE:REORDER(1)
  498                           CAN2_SCE_IRQHandler
                                CAN2_SCE_IRQHandler
                                ------------------^
                                "H:\项目开发\多联机GPRS数据压缩及统计开发\STM3
                       2F10x_uCOSii_2015_12_03\src\Startup\startup_stm32f10x_cl
                       .s",498  Warning[25]: L
                                abel 'CAN2_SCE_IRQHandler' is defined pubweak
                        in a section implicitly declared root
  499    00000000 ........              B CAN2_SCE_IRQHandler
  500                           
  501                                   PUBWEAK OTG_FS_IRQHandler
  502                                   SECTION .text:CODE:REORDER(1)
  503                           OTG_FS_IRQHandler
                                OTG_FS_IRQHandler
                                ----------------^
                                "H:\项目开发\多联机GPRS数据压缩及统计开发\STM3
                       2F10x_uCOSii_2015_12_03\src\Startup\startup_stm32f10x_cl
                       .s",503  Warning[25]: L
                                abel 'OTG_FS_IRQHandler' is defined pubweak in
                        a section implicitly declared root
  504    00000000 ........              B OTG_FS_IRQHandler
  505                           
  506                                   END
##############################
#           CRC:0            #
#        Errors:   0         #
#        Warnings: 71        #
#         Bytes: 632         #
##############################



